[ERROR] [2019-12-13 13:17:31] ChannelHandler.exceptionCaught(153) | network error 
io.netty.handler.codec.DecoderException: javax.net.ssl.SSLHandshakeException: General SSLEngine problem
	at io.netty.handler.codec.ByteToMessageDecoder.callDecode(ByteToMessageDecoder.java:472)
	at io.netty.handler.codec.ByteToMessageDecoder.channelRead(ByteToMessageDecoder.java:278)
	at io.netty.channel.AbstractChannelHandlerContext.invokeChannelRead(AbstractChannelHandlerContext.java:362)
	at io.netty.channel.AbstractChannelHandlerContext.invokeChannelRead(AbstractChannelHandlerContext.java:348)
	at io.netty.channel.AbstractChannelHandlerContext.fireChannelRead(AbstractChannelHandlerContext.java:340)
	at io.netty.channel.DefaultChannelPipeline$HeadContext.channelRead(DefaultChannelPipeline.java:1434)
	at io.netty.channel.AbstractChannelHandlerContext.invokeChannelRead(AbstractChannelHandlerContext.java:362)
	at io.netty.channel.AbstractChannelHandlerContext.invokeChannelRead(AbstractChannelHandlerContext.java:348)
	at io.netty.channel.DefaultChannelPipeline.fireChannelRead(DefaultChannelPipeline.java:965)
	at io.netty.channel.nio.AbstractNioByteChannel$NioByteUnsafe.read(AbstractNioByteChannel.java:163)
	at io.netty.channel.nio.NioEventLoop.processSelectedKey(NioEventLoop.java:656)
	at io.netty.channel.nio.NioEventLoop.processSelectedKeysOptimized(NioEventLoop.java:591)
	at io.netty.channel.nio.NioEventLoop.processSelectedKeys(NioEventLoop.java:508)
	at io.netty.channel.nio.NioEventLoop.run(NioEventLoop.java:470)
	at io.netty.util.concurrent.SingleThreadEventExecutor$5.run(SingleThreadEventExecutor.java:909)
	at io.netty.util.concurrent.FastThreadLocalRunnable.run(FastThreadLocalRunnable.java:30)
	at java.lang.Thread.run(Thread.java:748)
Caused by: javax.net.ssl.SSLHandshakeException: General SSLEngine problem
	at sun.security.ssl.Handshaker.checkThrown(Handshaker.java:1521)
	at sun.security.ssl.SSLEngineImpl.checkTaskThrown(SSLEngineImpl.java:528)
	at sun.security.ssl.SSLEngineImpl.readNetRecord(SSLEngineImpl.java:802)
	at sun.security.ssl.SSLEngineImpl.unwrap(SSLEngineImpl.java:766)
	at javax.net.ssl.SSLEngine.unwrap(SSLEngine.java:624)
	at io.netty.handler.ssl.SslHandler$SslEngineType$3.unwrap(SslHandler.java:295)
	at io.netty.handler.ssl.SslHandler.unwrap(SslHandler.java:1301)
	at io.netty.handler.ssl.SslHandler.decodeJdkCompatible(SslHandler.java:1203)
	at io.netty.handler.ssl.SslHandler.decode(SslHandler.java:1247)
	at io.netty.handler.codec.ByteToMessageDecoder.decodeRemovalReentryProtection(ByteToMessageDecoder.java:502)
	at io.netty.handler.codec.ByteToMessageDecoder.callDecode(ByteToMessageDecoder.java:441)
	... 16 more
Caused by: javax.net.ssl.SSLHandshakeException: General SSLEngine problem
	at sun.security.ssl.Alerts.getSSLException(Alerts.java:192)
	at sun.security.ssl.SSLEngineImpl.fatal(SSLEngineImpl.java:1709)
	at sun.security.ssl.Handshaker.fatalSE(Handshaker.java:318)
	at sun.security.ssl.Handshaker.fatalSE(Handshaker.java:310)
	at sun.security.ssl.ClientHandshaker.serverCertificate(ClientHandshaker.java:1639)
	at sun.security.ssl.ClientHandshaker.processMessage(ClientHandshaker.java:223)
	at sun.security.ssl.Handshaker.processLoop(Handshaker.java:1037)
	at sun.security.ssl.Handshaker$1.run(Handshaker.java:970)
	at sun.security.ssl.Handshaker$1.run(Handshaker.java:967)
	at java.security.AccessController.doPrivileged(Native Method)
	at sun.security.ssl.Handshaker$DelegatedTask.run(Handshaker.java:1459)
	at io.netty.handler.ssl.SslHandler.runDelegatedTasks(SslHandler.java:1464)
	at io.netty.handler.ssl.SslHandler.unwrap(SslHandler.java:1369)
	... 20 more
Caused by: sun.security.validator.ValidatorException: PKIX path validation failed: java.security.cert.CertPathValidatorException: signature check failed
	at sun.security.validator.PKIXValidator.doValidate(PKIXValidator.java:362)
	at sun.security.validator.PKIXValidator.engineValidate(PKIXValidator.java:270)
	at sun.security.validator.Validator.validate(Validator.java:262)
	at sun.security.ssl.X509TrustManagerImpl.validate(X509TrustManagerImpl.java:330)
	at sun.security.ssl.X509TrustManagerImpl.checkTrusted(X509TrustManagerImpl.java:289)
	at sun.security.ssl.X509TrustManagerImpl.checkServerTrusted(X509TrustManagerImpl.java:144)
	at sun.security.ssl.ClientHandshaker.serverCertificate(ClientHandshaker.java:1626)
	... 28 more
Caused by: java.security.cert.CertPathValidatorException: signature check failed
	at sun.security.provider.certpath.PKIXMasterCertPathValidator.validate(PKIXMasterCertPathValidator.java:135)
	at sun.security.provider.certpath.PKIXCertPathValidator.validate(PKIXCertPathValidator.java:233)
	at sun.security.provider.certpath.PKIXCertPathValidator.validate(PKIXCertPathValidator.java:141)
	at sun.security.provider.certpath.PKIXCertPathValidator.engineValidate(PKIXCertPathValidator.java:80)
	at java.security.cert.CertPathValidator.validate(CertPathValidator.java:292)
	at sun.security.validator.PKIXValidator.doValidate(PKIXValidator.java:357)
	... 34 more
Caused by: java.security.SignatureException: Signature does not match.
	at sun.security.x509.X509CertImpl.verify(X509CertImpl.java:449)
	at sun.security.provider.certpath.BasicChecker.verifySignature(BasicChecker.java:166)
	at sun.security.provider.certpath.BasicChecker.check(BasicChecker.java:147)
	at sun.security.provider.certpath.PKIXMasterCertPathValidator.validate(PKIXMasterCertPathValidator.java:125)
	... 39 more
[ERROR] [2019-12-13 13:17:32] ChannelHandler.exceptionCaught(153) | network error 
io.netty.handler.codec.DecoderException: javax.net.ssl.SSLHandshakeException: General SSLEngine problem
	at io.netty.handler.codec.ByteToMessageDecoder.callDecode(ByteToMessageDecoder.java:472)
	at io.netty.handler.codec.ByteToMessageDecoder.channelRead(ByteToMessageDecoder.java:278)
	at io.netty.channel.AbstractChannelHandlerContext.invokeChannelRead(AbstractChannelHandlerContext.java:362)
	at io.netty.channel.AbstractChannelHandlerContext.invokeChannelRead(AbstractChannelHandlerContext.java:348)
	at io.netty.channel.AbstractChannelHandlerContext.fireChannelRead(AbstractChannelHandlerContext.java:340)
	at io.netty.channel.DefaultChannelPipeline$HeadContext.channelRead(DefaultChannelPipeline.java:1434)
	at io.netty.channel.AbstractChannelHandlerContext.invokeChannelRead(AbstractChannelHandlerContext.java:362)
	at io.netty.channel.AbstractChannelHandlerContext.invokeChannelRead(AbstractChannelHandlerContext.java:348)
	at io.netty.channel.DefaultChannelPipeline.fireChannelRead(DefaultChannelPipeline.java:965)
	at io.netty.channel.nio.AbstractNioByteChannel$NioByteUnsafe.read(AbstractNioByteChannel.java:163)
	at io.netty.channel.nio.NioEventLoop.processSelectedKey(NioEventLoop.java:656)
	at io.netty.channel.nio.NioEventLoop.processSelectedKeysOptimized(NioEventLoop.java:591)
	at io.netty.channel.nio.NioEventLoop.processSelectedKeys(NioEventLoop.java:508)
	at io.netty.channel.nio.NioEventLoop.run(NioEventLoop.java:470)
	at io.netty.util.concurrent.SingleThreadEventExecutor$5.run(SingleThreadEventExecutor.java:909)
	at io.netty.util.concurrent.FastThreadLocalRunnable.run(FastThreadLocalRunnable.java:30)
	at java.lang.Thread.run(Thread.java:748)
Caused by: javax.net.ssl.SSLHandshakeException: General SSLEngine problem
	at sun.security.ssl.Handshaker.checkThrown(Handshaker.java:1521)
	at sun.security.ssl.SSLEngineImpl.checkTaskThrown(SSLEngineImpl.java:528)
	at sun.security.ssl.SSLEngineImpl.readNetRecord(SSLEngineImpl.java:802)
	at sun.security.ssl.SSLEngineImpl.unwrap(SSLEngineImpl.java:766)
	at javax.net.ssl.SSLEngine.unwrap(SSLEngine.java:624)
	at io.netty.handler.ssl.SslHandler$SslEngineType$3.unwrap(SslHandler.java:295)
	at io.netty.handler.ssl.SslHandler.unwrap(SslHandler.java:1301)
	at io.netty.handler.ssl.SslHandler.decodeJdkCompatible(SslHandler.java:1203)
	at io.netty.handler.ssl.SslHandler.decode(SslHandler.java:1247)
	at io.netty.handler.codec.ByteToMessageDecoder.decodeRemovalReentryProtection(ByteToMessageDecoder.java:502)
	at io.netty.handler.codec.ByteToMessageDecoder.callDecode(ByteToMessageDecoder.java:441)
	... 16 more
Caused by: javax.net.ssl.SSLHandshakeException: General SSLEngine problem
	at sun.security.ssl.Alerts.getSSLException(Alerts.java:192)
	at sun.security.ssl.SSLEngineImpl.fatal(SSLEngineImpl.java:1709)
	at sun.security.ssl.Handshaker.fatalSE(Handshaker.java:318)
	at sun.security.ssl.Handshaker.fatalSE(Handshaker.java:310)
	at sun.security.ssl.ClientHandshaker.serverCertificate(ClientHandshaker.java:1639)
	at sun.security.ssl.ClientHandshaker.processMessage(ClientHandshaker.java:223)
	at sun.security.ssl.Handshaker.processLoop(Handshaker.java:1037)
	at sun.security.ssl.Handshaker$1.run(Handshaker.java:970)
	at sun.security.ssl.Handshaker$1.run(Handshaker.java:967)
	at java.security.AccessController.doPrivileged(Native Method)
	at sun.security.ssl.Handshaker$DelegatedTask.run(Handshaker.java:1459)
	at io.netty.handler.ssl.SslHandler.runDelegatedTasks(SslHandler.java:1464)
	at io.netty.handler.ssl.SslHandler.unwrap(SslHandler.java:1369)
	... 20 more
Caused by: sun.security.validator.ValidatorException: PKIX path validation failed: java.security.cert.CertPathValidatorException: signature check failed
	at sun.security.validator.PKIXValidator.doValidate(PKIXValidator.java:362)
	at sun.security.validator.PKIXValidator.engineValidate(PKIXValidator.java:270)
	at sun.security.validator.Validator.validate(Validator.java:262)
	at sun.security.ssl.X509TrustManagerImpl.validate(X509TrustManagerImpl.java:330)
	at sun.security.ssl.X509TrustManagerImpl.checkTrusted(X509TrustManagerImpl.java:289)
	at sun.security.ssl.X509TrustManagerImpl.checkServerTrusted(X509TrustManagerImpl.java:144)
	at sun.security.ssl.ClientHandshaker.serverCertificate(ClientHandshaker.java:1626)
	... 28 more
Caused by: java.security.cert.CertPathValidatorException: signature check failed
	at sun.security.provider.certpath.PKIXMasterCertPathValidator.validate(PKIXMasterCertPathValidator.java:135)
	at sun.security.provider.certpath.PKIXCertPathValidator.validate(PKIXCertPathValidator.java:233)
	at sun.security.provider.certpath.PKIXCertPathValidator.validate(PKIXCertPathValidator.java:141)
	at sun.security.provider.certpath.PKIXCertPathValidator.engineValidate(PKIXCertPathValidator.java:80)
	at java.security.cert.CertPathValidator.validate(CertPathValidator.java:292)
	at sun.security.validator.PKIXValidator.doValidate(PKIXValidator.java:357)
	... 34 more
Caused by: java.security.SignatureException: Signature does not match.
	at sun.security.x509.X509CertImpl.verify(X509CertImpl.java:424)
	at sun.security.provider.certpath.BasicChecker.verifySignature(BasicChecker.java:166)
	at sun.security.provider.certpath.BasicChecker.check(BasicChecker.java:147)
	at sun.security.provider.certpath.PKIXMasterCertPathValidator.validate(PKIXMasterCertPathValidator.java:125)
	... 39 more
[ERROR] [2019-12-13 13:17:34] ChannelHandler.exceptionCaught(153) | network error 
io.netty.handler.codec.DecoderException: javax.net.ssl.SSLHandshakeException: General SSLEngine problem
	at io.netty.handler.codec.ByteToMessageDecoder.callDecode(ByteToMessageDecoder.java:472)
	at io.netty.handler.codec.ByteToMessageDecoder.channelRead(ByteToMessageDecoder.java:278)
	at io.netty.channel.AbstractChannelHandlerContext.invokeChannelRead(AbstractChannelHandlerContext.java:362)
	at io.netty.channel.AbstractChannelHandlerContext.invokeChannelRead(AbstractChannelHandlerContext.java:348)
	at io.netty.channel.AbstractChannelHandlerContext.fireChannelRead(AbstractChannelHandlerContext.java:340)
	at io.netty.channel.DefaultChannelPipeline$HeadContext.channelRead(DefaultChannelPipeline.java:1434)
	at io.netty.channel.AbstractChannelHandlerContext.invokeChannelRead(AbstractChannelHandlerContext.java:362)
	at io.netty.channel.AbstractChannelHandlerContext.invokeChannelRead(AbstractChannelHandlerContext.java:348)
	at io.netty.channel.DefaultChannelPipeline.fireChannelRead(DefaultChannelPipeline.java:965)
	at io.netty.channel.nio.AbstractNioByteChannel$NioByteUnsafe.read(AbstractNioByteChannel.java:163)
	at io.netty.channel.nio.NioEventLoop.processSelectedKey(NioEventLoop.java:656)
	at io.netty.channel.nio.NioEventLoop.processSelectedKeysOptimized(NioEventLoop.java:591)
	at io.netty.channel.nio.NioEventLoop.processSelectedKeys(NioEventLoop.java:508)
	at io.netty.channel.nio.NioEventLoop.run(NioEventLoop.java:470)
	at io.netty.util.concurrent.SingleThreadEventExecutor$5.run(SingleThreadEventExecutor.java:909)
	at io.netty.util.concurrent.FastThreadLocalRunnable.run(FastThreadLocalRunnable.java:30)
	at java.lang.Thread.run(Thread.java:748)
Caused by: javax.net.ssl.SSLHandshakeException: General SSLEngine problem
	at sun.security.ssl.Handshaker.checkThrown(Handshaker.java:1521)
	at sun.security.ssl.SSLEngineImpl.checkTaskThrown(SSLEngineImpl.java:528)
	at sun.security.ssl.SSLEngineImpl.readNetRecord(SSLEngineImpl.java:802)
	at sun.security.ssl.SSLEngineImpl.unwrap(SSLEngineImpl.java:766)
	at javax.net.ssl.SSLEngine.unwrap(SSLEngine.java:624)
	at io.netty.handler.ssl.SslHandler$SslEngineType$3.unwrap(SslHandler.java:295)
	at io.netty.handler.ssl.SslHandler.unwrap(SslHandler.java:1301)
	at io.netty.handler.ssl.SslHandler.decodeJdkCompatible(SslHandler.java:1203)
	at io.netty.handler.ssl.SslHandler.decode(SslHandler.java:1247)
	at io.netty.handler.codec.ByteToMessageDecoder.decodeRemovalReentryProtection(ByteToMessageDecoder.java:502)
	at io.netty.handler.codec.ByteToMessageDecoder.callDecode(ByteToMessageDecoder.java:441)
	... 16 more
Caused by: javax.net.ssl.SSLHandshakeException: General SSLEngine problem
	at sun.security.ssl.Alerts.getSSLException(Alerts.java:192)
	at sun.security.ssl.SSLEngineImpl.fatal(SSLEngineImpl.java:1709)
	at sun.security.ssl.Handshaker.fatalSE(Handshaker.java:318)
	at sun.security.ssl.Handshaker.fatalSE(Handshaker.java:310)
	at sun.security.ssl.ClientHandshaker.serverCertificate(ClientHandshaker.java:1639)
	at sun.security.ssl.ClientHandshaker.processMessage(ClientHandshaker.java:223)
	at sun.security.ssl.Handshaker.processLoop(Handshaker.java:1037)
	at sun.security.ssl.Handshaker$1.run(Handshaker.java:970)
	at sun.security.ssl.Handshaker$1.run(Handshaker.java:967)
	at java.security.AccessController.doPrivileged(Native Method)
	at sun.security.ssl.Handshaker$DelegatedTask.run(Handshaker.java:1459)
	at io.netty.handler.ssl.SslHandler.runDelegatedTasks(SslHandler.java:1464)
	at io.netty.handler.ssl.SslHandler.unwrap(SslHandler.java:1369)
	... 20 more
Caused by: sun.security.validator.ValidatorException: PKIX path validation failed: java.security.cert.CertPathValidatorException: signature check failed
	at sun.security.validator.PKIXValidator.doValidate(PKIXValidator.java:362)
	at sun.security.validator.PKIXValidator.engineValidate(PKIXValidator.java:270)
	at sun.security.validator.Validator.validate(Validator.java:262)
	at sun.security.ssl.X509TrustManagerImpl.validate(X509TrustManagerImpl.java:330)
	at sun.security.ssl.X509TrustManagerImpl.checkTrusted(X509TrustManagerImpl.java:289)
	at sun.security.ssl.X509TrustManagerImpl.checkServerTrusted(X509TrustManagerImpl.java:144)
	at sun.security.ssl.ClientHandshaker.serverCertificate(ClientHandshaker.java:1626)
	... 28 more
Caused by: java.security.cert.CertPathValidatorException: signature check failed
	at sun.security.provider.certpath.PKIXMasterCertPathValidator.validate(PKIXMasterCertPathValidator.java:135)
	at sun.security.provider.certpath.PKIXCertPathValidator.validate(PKIXCertPathValidator.java:233)
	at sun.security.provider.certpath.PKIXCertPathValidator.validate(PKIXCertPathValidator.java:141)
	at sun.security.provider.certpath.PKIXCertPathValidator.engineValidate(PKIXCertPathValidator.java:80)
	at java.security.cert.CertPathValidator.validate(CertPathValidator.java:292)
	at sun.security.validator.PKIXValidator.doValidate(PKIXValidator.java:357)
	... 34 more
Caused by: java.security.SignatureException: Signature does not match.
	at sun.security.x509.X509CertImpl.verify(X509CertImpl.java:424)
	at sun.security.provider.certpath.BasicChecker.verifySignature(BasicChecker.java:166)
	at sun.security.provider.certpath.BasicChecker.check(BasicChecker.java:147)
	at sun.security.provider.certpath.PKIXMasterCertPathValidator.validate(PKIXMasterCertPathValidator.java:125)
	... 39 more
[ERROR] [2019-12-13 13:17:36] BcosResponseCallback.onTimeout(17) | Processing bcos message timeout:{}
[ERROR] [2019-12-13 13:17:36] ChannelHandler.exceptionCaught(153) | network error 
io.netty.handler.codec.DecoderException: javax.net.ssl.SSLHandshakeException: General SSLEngine problem
	at io.netty.handler.codec.ByteToMessageDecoder.callDecode(ByteToMessageDecoder.java:472)
	at io.netty.handler.codec.ByteToMessageDecoder.channelRead(ByteToMessageDecoder.java:278)
	at io.netty.channel.AbstractChannelHandlerContext.invokeChannelRead(AbstractChannelHandlerContext.java:362)
	at io.netty.channel.AbstractChannelHandlerContext.invokeChannelRead(AbstractChannelHandlerContext.java:348)
	at io.netty.channel.AbstractChannelHandlerContext.fireChannelRead(AbstractChannelHandlerContext.java:340)
	at io.netty.channel.DefaultChannelPipeline$HeadContext.channelRead(DefaultChannelPipeline.java:1434)
	at io.netty.channel.AbstractChannelHandlerContext.invokeChannelRead(AbstractChannelHandlerContext.java:362)
	at io.netty.channel.AbstractChannelHandlerContext.invokeChannelRead(AbstractChannelHandlerContext.java:348)
	at io.netty.channel.DefaultChannelPipeline.fireChannelRead(DefaultChannelPipeline.java:965)
	at io.netty.channel.nio.AbstractNioByteChannel$NioByteUnsafe.read(AbstractNioByteChannel.java:163)
	at io.netty.channel.nio.NioEventLoop.processSelectedKey(NioEventLoop.java:656)
	at io.netty.channel.nio.NioEventLoop.processSelectedKeysOptimized(NioEventLoop.java:591)
	at io.netty.channel.nio.NioEventLoop.processSelectedKeys(NioEventLoop.java:508)
	at io.netty.channel.nio.NioEventLoop.run(NioEventLoop.java:470)
	at io.netty.util.concurrent.SingleThreadEventExecutor$5.run(SingleThreadEventExecutor.java:909)
	at io.netty.util.concurrent.FastThreadLocalRunnable.run(FastThreadLocalRunnable.java:30)
	at java.lang.Thread.run(Thread.java:748)
Caused by: javax.net.ssl.SSLHandshakeException: General SSLEngine problem
	at sun.security.ssl.Handshaker.checkThrown(Handshaker.java:1521)
	at sun.security.ssl.SSLEngineImpl.checkTaskThrown(SSLEngineImpl.java:528)
	at sun.security.ssl.SSLEngineImpl.readNetRecord(SSLEngineImpl.java:802)
	at sun.security.ssl.SSLEngineImpl.unwrap(SSLEngineImpl.java:766)
	at javax.net.ssl.SSLEngine.unwrap(SSLEngine.java:624)
	at io.netty.handler.ssl.SslHandler$SslEngineType$3.unwrap(SslHandler.java:295)
	at io.netty.handler.ssl.SslHandler.unwrap(SslHandler.java:1301)
	at io.netty.handler.ssl.SslHandler.decodeJdkCompatible(SslHandler.java:1203)
	at io.netty.handler.ssl.SslHandler.decode(SslHandler.java:1247)
	at io.netty.handler.codec.ByteToMessageDecoder.decodeRemovalReentryProtection(ByteToMessageDecoder.java:502)
	at io.netty.handler.codec.ByteToMessageDecoder.callDecode(ByteToMessageDecoder.java:441)
	... 16 more
Caused by: javax.net.ssl.SSLHandshakeException: General SSLEngine problem
	at sun.security.ssl.Alerts.getSSLException(Alerts.java:192)
	at sun.security.ssl.SSLEngineImpl.fatal(SSLEngineImpl.java:1709)
	at sun.security.ssl.Handshaker.fatalSE(Handshaker.java:318)
	at sun.security.ssl.Handshaker.fatalSE(Handshaker.java:310)
	at sun.security.ssl.ClientHandshaker.serverCertificate(ClientHandshaker.java:1639)
	at sun.security.ssl.ClientHandshaker.processMessage(ClientHandshaker.java:223)
	at sun.security.ssl.Handshaker.processLoop(Handshaker.java:1037)
	at sun.security.ssl.Handshaker$1.run(Handshaker.java:970)
	at sun.security.ssl.Handshaker$1.run(Handshaker.java:967)
	at java.security.AccessController.doPrivileged(Native Method)
	at sun.security.ssl.Handshaker$DelegatedTask.run(Handshaker.java:1459)
	at io.netty.handler.ssl.SslHandler.runDelegatedTasks(SslHandler.java:1464)
	at io.netty.handler.ssl.SslHandler.unwrap(SslHandler.java:1369)
	... 20 more
Caused by: sun.security.validator.ValidatorException: PKIX path validation failed: java.security.cert.CertPathValidatorException: signature check failed
	at sun.security.validator.PKIXValidator.doValidate(PKIXValidator.java:362)
	at sun.security.validator.PKIXValidator.engineValidate(PKIXValidator.java:270)
	at sun.security.validator.Validator.validate(Validator.java:262)
	at sun.security.ssl.X509TrustManagerImpl.validate(X509TrustManagerImpl.java:330)
	at sun.security.ssl.X509TrustManagerImpl.checkTrusted(X509TrustManagerImpl.java:289)
	at sun.security.ssl.X509TrustManagerImpl.checkServerTrusted(X509TrustManagerImpl.java:144)
	at sun.security.ssl.ClientHandshaker.serverCertificate(ClientHandshaker.java:1626)
	... 28 more
Caused by: java.security.cert.CertPathValidatorException: signature check failed
	at sun.security.provider.certpath.PKIXMasterCertPathValidator.validate(PKIXMasterCertPathValidator.java:135)
	at sun.security.provider.certpath.PKIXCertPathValidator.validate(PKIXCertPathValidator.java:233)
	at sun.security.provider.certpath.PKIXCertPathValidator.validate(PKIXCertPathValidator.java:141)
	at sun.security.provider.certpath.PKIXCertPathValidator.engineValidate(PKIXCertPathValidator.java:80)
	at java.security.cert.CertPathValidator.validate(CertPathValidator.java:292)
	at sun.security.validator.PKIXValidator.doValidate(PKIXValidator.java:357)
	... 34 more
Caused by: java.security.SignatureException: Signature does not match.
	at sun.security.x509.X509CertImpl.verify(X509CertImpl.java:424)
	at sun.security.provider.certpath.BasicChecker.verifySignature(BasicChecker.java:166)
	at sun.security.provider.certpath.BasicChecker.check(BasicChecker.java:147)
	at sun.security.provider.certpath.PKIXMasterCertPathValidator.validate(PKIXMasterCertPathValidator.java:125)
	... 39 more
[ERROR] [2019-12-13 13:17:37] BcosResponseCallback.onTimeout(17) | Processing bcos message timeout:{}
[ERROR] [2019-12-13 13:17:38] ChannelHandler.exceptionCaught(153) | network error 
io.netty.handler.codec.DecoderException: javax.net.ssl.SSLHandshakeException: General SSLEngine problem
	at io.netty.handler.codec.ByteToMessageDecoder.callDecode(ByteToMessageDecoder.java:472)
	at io.netty.handler.codec.ByteToMessageDecoder.channelRead(ByteToMessageDecoder.java:278)
	at io.netty.channel.AbstractChannelHandlerContext.invokeChannelRead(AbstractChannelHandlerContext.java:362)
	at io.netty.channel.AbstractChannelHandlerContext.invokeChannelRead(AbstractChannelHandlerContext.java:348)
	at io.netty.channel.AbstractChannelHandlerContext.fireChannelRead(AbstractChannelHandlerContext.java:340)
	at io.netty.channel.DefaultChannelPipeline$HeadContext.channelRead(DefaultChannelPipeline.java:1434)
	at io.netty.channel.AbstractChannelHandlerContext.invokeChannelRead(AbstractChannelHandlerContext.java:362)
	at io.netty.channel.AbstractChannelHandlerContext.invokeChannelRead(AbstractChannelHandlerContext.java:348)
	at io.netty.channel.DefaultChannelPipeline.fireChannelRead(DefaultChannelPipeline.java:965)
	at io.netty.channel.nio.AbstractNioByteChannel$NioByteUnsafe.read(AbstractNioByteChannel.java:163)
	at io.netty.channel.nio.NioEventLoop.processSelectedKey(NioEventLoop.java:656)
	at io.netty.channel.nio.NioEventLoop.processSelectedKeysOptimized(NioEventLoop.java:591)
	at io.netty.channel.nio.NioEventLoop.processSelectedKeys(NioEventLoop.java:508)
	at io.netty.channel.nio.NioEventLoop.run(NioEventLoop.java:470)
	at io.netty.util.concurrent.SingleThreadEventExecutor$5.run(SingleThreadEventExecutor.java:909)
	at io.netty.util.concurrent.FastThreadLocalRunnable.run(FastThreadLocalRunnable.java:30)
	at java.lang.Thread.run(Thread.java:748)
Caused by: javax.net.ssl.SSLHandshakeException: General SSLEngine problem
	at sun.security.ssl.Handshaker.checkThrown(Handshaker.java:1521)
	at sun.security.ssl.SSLEngineImpl.checkTaskThrown(SSLEngineImpl.java:528)
	at sun.security.ssl.SSLEngineImpl.readNetRecord(SSLEngineImpl.java:802)
	at sun.security.ssl.SSLEngineImpl.unwrap(SSLEngineImpl.java:766)
	at javax.net.ssl.SSLEngine.unwrap(SSLEngine.java:624)
	at io.netty.handler.ssl.SslHandler$SslEngineType$3.unwrap(SslHandler.java:295)
	at io.netty.handler.ssl.SslHandler.unwrap(SslHandler.java:1301)
	at io.netty.handler.ssl.SslHandler.decodeJdkCompatible(SslHandler.java:1203)
	at io.netty.handler.ssl.SslHandler.decode(SslHandler.java:1247)
	at io.netty.handler.codec.ByteToMessageDecoder.decodeRemovalReentryProtection(ByteToMessageDecoder.java:502)
	at io.netty.handler.codec.ByteToMessageDecoder.callDecode(ByteToMessageDecoder.java:441)
	... 16 more
Caused by: javax.net.ssl.SSLHandshakeException: General SSLEngine problem
	at sun.security.ssl.Alerts.getSSLException(Alerts.java:192)
	at sun.security.ssl.SSLEngineImpl.fatal(SSLEngineImpl.java:1709)
	at sun.security.ssl.Handshaker.fatalSE(Handshaker.java:318)
	at sun.security.ssl.Handshaker.fatalSE(Handshaker.java:310)
	at sun.security.ssl.ClientHandshaker.serverCertificate(ClientHandshaker.java:1639)
	at sun.security.ssl.ClientHandshaker.processMessage(ClientHandshaker.java:223)
	at sun.security.ssl.Handshaker.processLoop(Handshaker.java:1037)
	at sun.security.ssl.Handshaker$1.run(Handshaker.java:970)
	at sun.security.ssl.Handshaker$1.run(Handshaker.java:967)
	at java.security.AccessController.doPrivileged(Native Method)
	at sun.security.ssl.Handshaker$DelegatedTask.run(Handshaker.java:1459)
	at io.netty.handler.ssl.SslHandler.runDelegatedTasks(SslHandler.java:1464)
	at io.netty.handler.ssl.SslHandler.unwrap(SslHandler.java:1369)
	... 20 more
Caused by: sun.security.validator.ValidatorException: PKIX path validation failed: java.security.cert.CertPathValidatorException: signature check failed
	at sun.security.validator.PKIXValidator.doValidate(PKIXValidator.java:362)
	at sun.security.validator.PKIXValidator.engineValidate(PKIXValidator.java:270)
	at sun.security.validator.Validator.validate(Validator.java:262)
	at sun.security.ssl.X509TrustManagerImpl.validate(X509TrustManagerImpl.java:330)
	at sun.security.ssl.X509TrustManagerImpl.checkTrusted(X509TrustManagerImpl.java:289)
	at sun.security.ssl.X509TrustManagerImpl.checkServerTrusted(X509TrustManagerImpl.java:144)
	at sun.security.ssl.ClientHandshaker.serverCertificate(ClientHandshaker.java:1626)
	... 28 more
Caused by: java.security.cert.CertPathValidatorException: signature check failed
	at sun.security.provider.certpath.PKIXMasterCertPathValidator.validate(PKIXMasterCertPathValidator.java:135)
	at sun.security.provider.certpath.PKIXCertPathValidator.validate(PKIXCertPathValidator.java:233)
	at sun.security.provider.certpath.PKIXCertPathValidator.validate(PKIXCertPathValidator.java:141)
	at sun.security.provider.certpath.PKIXCertPathValidator.engineValidate(PKIXCertPathValidator.java:80)
	at java.security.cert.CertPathValidator.validate(CertPathValidator.java:292)
	at sun.security.validator.PKIXValidator.doValidate(PKIXValidator.java:357)
	... 34 more
Caused by: java.security.SignatureException: Signature does not match.
	at sun.security.x509.X509CertImpl.verify(X509CertImpl.java:424)
	at sun.security.provider.certpath.BasicChecker.verifySignature(BasicChecker.java:166)
	at sun.security.provider.certpath.BasicChecker.check(BasicChecker.java:147)
	at sun.security.provider.certpath.PKIXMasterCertPathValidator.validate(PKIXMasterCertPathValidator.java:125)
	... 39 more
[ERROR] [2019-12-13 13:17:39] BcosResponseCallback.onTimeout(17) | Processing bcos message timeout:{}
[ERROR] [2019-12-13 13:17:40] ChannelHandler.exceptionCaught(153) | network error 
io.netty.handler.codec.DecoderException: javax.net.ssl.SSLHandshakeException: General SSLEngine problem
	at io.netty.handler.codec.ByteToMessageDecoder.callDecode(ByteToMessageDecoder.java:472)
	at io.netty.handler.codec.ByteToMessageDecoder.channelRead(ByteToMessageDecoder.java:278)
	at io.netty.channel.AbstractChannelHandlerContext.invokeChannelRead(AbstractChannelHandlerContext.java:362)
	at io.netty.channel.AbstractChannelHandlerContext.invokeChannelRead(AbstractChannelHandlerContext.java:348)
	at io.netty.channel.AbstractChannelHandlerContext.fireChannelRead(AbstractChannelHandlerContext.java:340)
	at io.netty.channel.DefaultChannelPipeline$HeadContext.channelRead(DefaultChannelPipeline.java:1434)
	at io.netty.channel.AbstractChannelHandlerContext.invokeChannelRead(AbstractChannelHandlerContext.java:362)
	at io.netty.channel.AbstractChannelHandlerContext.invokeChannelRead(AbstractChannelHandlerContext.java:348)
	at io.netty.channel.DefaultChannelPipeline.fireChannelRead(DefaultChannelPipeline.java:965)
	at io.netty.channel.nio.AbstractNioByteChannel$NioByteUnsafe.read(AbstractNioByteChannel.java:163)
	at io.netty.channel.nio.NioEventLoop.processSelectedKey(NioEventLoop.java:656)
	at io.netty.channel.nio.NioEventLoop.processSelectedKeysOptimized(NioEventLoop.java:591)
	at io.netty.channel.nio.NioEventLoop.processSelectedKeys(NioEventLoop.java:508)
	at io.netty.channel.nio.NioEventLoop.run(NioEventLoop.java:470)
	at io.netty.util.concurrent.SingleThreadEventExecutor$5.run(SingleThreadEventExecutor.java:909)
	at io.netty.util.concurrent.FastThreadLocalRunnable.run(FastThreadLocalRunnable.java:30)
	at java.lang.Thread.run(Thread.java:748)
Caused by: javax.net.ssl.SSLHandshakeException: General SSLEngine problem
	at sun.security.ssl.Handshaker.checkThrown(Handshaker.java:1521)
	at sun.security.ssl.SSLEngineImpl.checkTaskThrown(SSLEngineImpl.java:528)
	at sun.security.ssl.SSLEngineImpl.readNetRecord(SSLEngineImpl.java:802)
	at sun.security.ssl.SSLEngineImpl.unwrap(SSLEngineImpl.java:766)
	at javax.net.ssl.SSLEngine.unwrap(SSLEngine.java:624)
	at io.netty.handler.ssl.SslHandler$SslEngineType$3.unwrap(SslHandler.java:295)
	at io.netty.handler.ssl.SslHandler.unwrap(SslHandler.java:1301)
	at io.netty.handler.ssl.SslHandler.decodeJdkCompatible(SslHandler.java:1203)
	at io.netty.handler.ssl.SslHandler.decode(SslHandler.java:1247)
	at io.netty.handler.codec.ByteToMessageDecoder.decodeRemovalReentryProtection(ByteToMessageDecoder.java:502)
	at io.netty.handler.codec.ByteToMessageDecoder.callDecode(ByteToMessageDecoder.java:441)
	... 16 more
Caused by: javax.net.ssl.SSLHandshakeException: General SSLEngine problem
	at sun.security.ssl.Alerts.getSSLException(Alerts.java:192)
	at sun.security.ssl.SSLEngineImpl.fatal(SSLEngineImpl.java:1709)
	at sun.security.ssl.Handshaker.fatalSE(Handshaker.java:318)
	at sun.security.ssl.Handshaker.fatalSE(Handshaker.java:310)
	at sun.security.ssl.ClientHandshaker.serverCertificate(ClientHandshaker.java:1639)
	at sun.security.ssl.ClientHandshaker.processMessage(ClientHandshaker.java:223)
	at sun.security.ssl.Handshaker.processLoop(Handshaker.java:1037)
	at sun.security.ssl.Handshaker$1.run(Handshaker.java:970)
	at sun.security.ssl.Handshaker$1.run(Handshaker.java:967)
	at java.security.AccessController.doPrivileged(Native Method)
	at sun.security.ssl.Handshaker$DelegatedTask.run(Handshaker.java:1459)
	at io.netty.handler.ssl.SslHandler.runDelegatedTasks(SslHandler.java:1464)
	at io.netty.handler.ssl.SslHandler.unwrap(SslHandler.java:1369)
	... 20 more
Caused by: sun.security.validator.ValidatorException: PKIX path validation failed: java.security.cert.CertPathValidatorException: signature check failed
	at sun.security.validator.PKIXValidator.doValidate(PKIXValidator.java:362)
	at sun.security.validator.PKIXValidator.engineValidate(PKIXValidator.java:270)
	at sun.security.validator.Validator.validate(Validator.java:262)
	at sun.security.ssl.X509TrustManagerImpl.validate(X509TrustManagerImpl.java:330)
	at sun.security.ssl.X509TrustManagerImpl.checkTrusted(X509TrustManagerImpl.java:289)
	at sun.security.ssl.X509TrustManagerImpl.checkServerTrusted(X509TrustManagerImpl.java:144)
	at sun.security.ssl.ClientHandshaker.serverCertificate(ClientHandshaker.java:1626)
	... 28 more
Caused by: java.security.cert.CertPathValidatorException: signature check failed
	at sun.security.provider.certpath.PKIXMasterCertPathValidator.validate(PKIXMasterCertPathValidator.java:135)
	at sun.security.provider.certpath.PKIXCertPathValidator.validate(PKIXCertPathValidator.java:233)
	at sun.security.provider.certpath.PKIXCertPathValidator.validate(PKIXCertPathValidator.java:141)
	at sun.security.provider.certpath.PKIXCertPathValidator.engineValidate(PKIXCertPathValidator.java:80)
	at java.security.cert.CertPathValidator.validate(CertPathValidator.java:292)
	at sun.security.validator.PKIXValidator.doValidate(PKIXValidator.java:357)
	... 34 more
Caused by: java.security.SignatureException: Signature does not match.
	at sun.security.x509.X509CertImpl.verify(X509CertImpl.java:424)
	at sun.security.provider.certpath.BasicChecker.verifySignature(BasicChecker.java:166)
	at sun.security.provider.certpath.BasicChecker.check(BasicChecker.java:147)
	at sun.security.provider.certpath.PKIXMasterCertPathValidator.validate(PKIXMasterCertPathValidator.java:125)
	... 39 more
[ERROR] [2019-12-13 13:17:41] BcosResponseCallback.onTimeout(17) | Processing bcos message timeout:{}
[ERROR] [2019-12-13 13:17:42] ChannelHandler.exceptionCaught(153) | network error 
io.netty.handler.codec.DecoderException: javax.net.ssl.SSLHandshakeException: General SSLEngine problem
	at io.netty.handler.codec.ByteToMessageDecoder.callDecode(ByteToMessageDecoder.java:472)
	at io.netty.handler.codec.ByteToMessageDecoder.channelRead(ByteToMessageDecoder.java:278)
	at io.netty.channel.AbstractChannelHandlerContext.invokeChannelRead(AbstractChannelHandlerContext.java:362)
	at io.netty.channel.AbstractChannelHandlerContext.invokeChannelRead(AbstractChannelHandlerContext.java:348)
	at io.netty.channel.AbstractChannelHandlerContext.fireChannelRead(AbstractChannelHandlerContext.java:340)
	at io.netty.channel.DefaultChannelPipeline$HeadContext.channelRead(DefaultChannelPipeline.java:1434)
	at io.netty.channel.AbstractChannelHandlerContext.invokeChannelRead(AbstractChannelHandlerContext.java:362)
	at io.netty.channel.AbstractChannelHandlerContext.invokeChannelRead(AbstractChannelHandlerContext.java:348)
	at io.netty.channel.DefaultChannelPipeline.fireChannelRead(DefaultChannelPipeline.java:965)
	at io.netty.channel.nio.AbstractNioByteChannel$NioByteUnsafe.read(AbstractNioByteChannel.java:163)
	at io.netty.channel.nio.NioEventLoop.processSelectedKey(NioEventLoop.java:656)
	at io.netty.channel.nio.NioEventLoop.processSelectedKeysOptimized(NioEventLoop.java:591)
	at io.netty.channel.nio.NioEventLoop.processSelectedKeys(NioEventLoop.java:508)
	at io.netty.channel.nio.NioEventLoop.run(NioEventLoop.java:470)
	at io.netty.util.concurrent.SingleThreadEventExecutor$5.run(SingleThreadEventExecutor.java:909)
	at io.netty.util.concurrent.FastThreadLocalRunnable.run(FastThreadLocalRunnable.java:30)
	at java.lang.Thread.run(Thread.java:748)
Caused by: javax.net.ssl.SSLHandshakeException: General SSLEngine problem
	at sun.security.ssl.Handshaker.checkThrown(Handshaker.java:1521)
	at sun.security.ssl.SSLEngineImpl.checkTaskThrown(SSLEngineImpl.java:528)
	at sun.security.ssl.SSLEngineImpl.readNetRecord(SSLEngineImpl.java:802)
	at sun.security.ssl.SSLEngineImpl.unwrap(SSLEngineImpl.java:766)
	at javax.net.ssl.SSLEngine.unwrap(SSLEngine.java:624)
	at io.netty.handler.ssl.SslHandler$SslEngineType$3.unwrap(SslHandler.java:295)
	at io.netty.handler.ssl.SslHandler.unwrap(SslHandler.java:1301)
	at io.netty.handler.ssl.SslHandler.decodeJdkCompatible(SslHandler.java:1203)
	at io.netty.handler.ssl.SslHandler.decode(SslHandler.java:1247)
	at io.netty.handler.codec.ByteToMessageDecoder.decodeRemovalReentryProtection(ByteToMessageDecoder.java:502)
	at io.netty.handler.codec.ByteToMessageDecoder.callDecode(ByteToMessageDecoder.java:441)
	... 16 more
Caused by: javax.net.ssl.SSLHandshakeException: General SSLEngine problem
	at sun.security.ssl.Alerts.getSSLException(Alerts.java:192)
	at sun.security.ssl.SSLEngineImpl.fatal(SSLEngineImpl.java:1709)
	at sun.security.ssl.Handshaker.fatalSE(Handshaker.java:318)
	at sun.security.ssl.Handshaker.fatalSE(Handshaker.java:310)
	at sun.security.ssl.ClientHandshaker.serverCertificate(ClientHandshaker.java:1639)
	at sun.security.ssl.ClientHandshaker.processMessage(ClientHandshaker.java:223)
	at sun.security.ssl.Handshaker.processLoop(Handshaker.java:1037)
	at sun.security.ssl.Handshaker$1.run(Handshaker.java:970)
	at sun.security.ssl.Handshaker$1.run(Handshaker.java:967)
	at java.security.AccessController.doPrivileged(Native Method)
	at sun.security.ssl.Handshaker$DelegatedTask.run(Handshaker.java:1459)
	at io.netty.handler.ssl.SslHandler.runDelegatedTasks(SslHandler.java:1464)
	at io.netty.handler.ssl.SslHandler.unwrap(SslHandler.java:1369)
	... 20 more
Caused by: sun.security.validator.ValidatorException: PKIX path validation failed: java.security.cert.CertPathValidatorException: signature check failed
	at sun.security.validator.PKIXValidator.doValidate(PKIXValidator.java:362)
	at sun.security.validator.PKIXValidator.engineValidate(PKIXValidator.java:270)
	at sun.security.validator.Validator.validate(Validator.java:262)
	at sun.security.ssl.X509TrustManagerImpl.validate(X509TrustManagerImpl.java:330)
	at sun.security.ssl.X509TrustManagerImpl.checkTrusted(X509TrustManagerImpl.java:289)
	at sun.security.ssl.X509TrustManagerImpl.checkServerTrusted(X509TrustManagerImpl.java:144)
	at sun.security.ssl.ClientHandshaker.serverCertificate(ClientHandshaker.java:1626)
	... 28 more
Caused by: java.security.cert.CertPathValidatorException: signature check failed
	at sun.security.provider.certpath.PKIXMasterCertPathValidator.validate(PKIXMasterCertPathValidator.java:135)
	at sun.security.provider.certpath.PKIXCertPathValidator.validate(PKIXCertPathValidator.java:233)
	at sun.security.provider.certpath.PKIXCertPathValidator.validate(PKIXCertPathValidator.java:141)
	at sun.security.provider.certpath.PKIXCertPathValidator.engineValidate(PKIXCertPathValidator.java:80)
	at java.security.cert.CertPathValidator.validate(CertPathValidator.java:292)
	at sun.security.validator.PKIXValidator.doValidate(PKIXValidator.java:357)
	... 34 more
Caused by: java.security.SignatureException: Signature does not match.
	at sun.security.x509.X509CertImpl.verify(X509CertImpl.java:424)
	at sun.security.provider.certpath.BasicChecker.verifySignature(BasicChecker.java:166)
	at sun.security.provider.certpath.BasicChecker.check(BasicChecker.java:147)
	at sun.security.provider.certpath.PKIXMasterCertPathValidator.validate(PKIXMasterCertPathValidator.java:125)
	... 39 more
[ERROR] [2019-12-13 13:17:43] BcosResponseCallback.onTimeout(17) | Processing bcos message timeout:{}
[ERROR] [2019-12-13 13:17:44] ChannelHandler.exceptionCaught(153) | network error 
io.netty.handler.codec.DecoderException: javax.net.ssl.SSLHandshakeException: General SSLEngine problem
	at io.netty.handler.codec.ByteToMessageDecoder.callDecode(ByteToMessageDecoder.java:472)
	at io.netty.handler.codec.ByteToMessageDecoder.channelRead(ByteToMessageDecoder.java:278)
	at io.netty.channel.AbstractChannelHandlerContext.invokeChannelRead(AbstractChannelHandlerContext.java:362)
	at io.netty.channel.AbstractChannelHandlerContext.invokeChannelRead(AbstractChannelHandlerContext.java:348)
	at io.netty.channel.AbstractChannelHandlerContext.fireChannelRead(AbstractChannelHandlerContext.java:340)
	at io.netty.channel.DefaultChannelPipeline$HeadContext.channelRead(DefaultChannelPipeline.java:1434)
	at io.netty.channel.AbstractChannelHandlerContext.invokeChannelRead(AbstractChannelHandlerContext.java:362)
	at io.netty.channel.AbstractChannelHandlerContext.invokeChannelRead(AbstractChannelHandlerContext.java:348)
	at io.netty.channel.DefaultChannelPipeline.fireChannelRead(DefaultChannelPipeline.java:965)
	at io.netty.channel.nio.AbstractNioByteChannel$NioByteUnsafe.read(AbstractNioByteChannel.java:163)
	at io.netty.channel.nio.NioEventLoop.processSelectedKey(NioEventLoop.java:656)
	at io.netty.channel.nio.NioEventLoop.processSelectedKeysOptimized(NioEventLoop.java:591)
	at io.netty.channel.nio.NioEventLoop.processSelectedKeys(NioEventLoop.java:508)
	at io.netty.channel.nio.NioEventLoop.run(NioEventLoop.java:470)
	at io.netty.util.concurrent.SingleThreadEventExecutor$5.run(SingleThreadEventExecutor.java:909)
	at io.netty.util.concurrent.FastThreadLocalRunnable.run(FastThreadLocalRunnable.java:30)
	at java.lang.Thread.run(Thread.java:748)
Caused by: javax.net.ssl.SSLHandshakeException: General SSLEngine problem
	at sun.security.ssl.Handshaker.checkThrown(Handshaker.java:1521)
	at sun.security.ssl.SSLEngineImpl.checkTaskThrown(SSLEngineImpl.java:528)
	at sun.security.ssl.SSLEngineImpl.readNetRecord(SSLEngineImpl.java:802)
	at sun.security.ssl.SSLEngineImpl.unwrap(SSLEngineImpl.java:766)
	at javax.net.ssl.SSLEngine.unwrap(SSLEngine.java:624)
	at io.netty.handler.ssl.SslHandler$SslEngineType$3.unwrap(SslHandler.java:295)
	at io.netty.handler.ssl.SslHandler.unwrap(SslHandler.java:1301)
	at io.netty.handler.ssl.SslHandler.decodeJdkCompatible(SslHandler.java:1203)
	at io.netty.handler.ssl.SslHandler.decode(SslHandler.java:1247)
	at io.netty.handler.codec.ByteToMessageDecoder.decodeRemovalReentryProtection(ByteToMessageDecoder.java:502)
	at io.netty.handler.codec.ByteToMessageDecoder.callDecode(ByteToMessageDecoder.java:441)
	... 16 more
Caused by: javax.net.ssl.SSLHandshakeException: General SSLEngine problem
	at sun.security.ssl.Alerts.getSSLException(Alerts.java:192)
	at sun.security.ssl.SSLEngineImpl.fatal(SSLEngineImpl.java:1709)
	at sun.security.ssl.Handshaker.fatalSE(Handshaker.java:318)
	at sun.security.ssl.Handshaker.fatalSE(Handshaker.java:310)
	at sun.security.ssl.ClientHandshaker.serverCertificate(ClientHandshaker.java:1639)
	at sun.security.ssl.ClientHandshaker.processMessage(ClientHandshaker.java:223)
	at sun.security.ssl.Handshaker.processLoop(Handshaker.java:1037)
	at sun.security.ssl.Handshaker$1.run(Handshaker.java:970)
	at sun.security.ssl.Handshaker$1.run(Handshaker.java:967)
	at java.security.AccessController.doPrivileged(Native Method)
	at sun.security.ssl.Handshaker$DelegatedTask.run(Handshaker.java:1459)
	at io.netty.handler.ssl.SslHandler.runDelegatedTasks(SslHandler.java:1464)
	at io.netty.handler.ssl.SslHandler.unwrap(SslHandler.java:1369)
	... 20 more
Caused by: sun.security.validator.ValidatorException: PKIX path validation failed: java.security.cert.CertPathValidatorException: signature check failed
	at sun.security.validator.PKIXValidator.doValidate(PKIXValidator.java:362)
	at sun.security.validator.PKIXValidator.engineValidate(PKIXValidator.java:270)
	at sun.security.validator.Validator.validate(Validator.java:262)
	at sun.security.ssl.X509TrustManagerImpl.validate(X509TrustManagerImpl.java:330)
	at sun.security.ssl.X509TrustManagerImpl.checkTrusted(X509TrustManagerImpl.java:289)
	at sun.security.ssl.X509TrustManagerImpl.checkServerTrusted(X509TrustManagerImpl.java:144)
	at sun.security.ssl.ClientHandshaker.serverCertificate(ClientHandshaker.java:1626)
	... 28 more
Caused by: java.security.cert.CertPathValidatorException: signature check failed
	at sun.security.provider.certpath.PKIXMasterCertPathValidator.validate(PKIXMasterCertPathValidator.java:135)
	at sun.security.provider.certpath.PKIXCertPathValidator.validate(PKIXCertPathValidator.java:233)
	at sun.security.provider.certpath.PKIXCertPathValidator.validate(PKIXCertPathValidator.java:141)
	at sun.security.provider.certpath.PKIXCertPathValidator.engineValidate(PKIXCertPathValidator.java:80)
	at java.security.cert.CertPathValidator.validate(CertPathValidator.java:292)
	at sun.security.validator.PKIXValidator.doValidate(PKIXValidator.java:357)
	... 34 more
Caused by: java.security.SignatureException: Signature does not match.
	at sun.security.x509.X509CertImpl.verify(X509CertImpl.java:424)
	at sun.security.provider.certpath.BasicChecker.verifySignature(BasicChecker.java:166)
	at sun.security.provider.certpath.BasicChecker.check(BasicChecker.java:147)
	at sun.security.provider.certpath.PKIXMasterCertPathValidator.validate(PKIXMasterCertPathValidator.java:125)
	... 39 more
[ERROR] [2019-12-13 13:17:45] BcosResponseCallback.onTimeout(17) | Processing bcos message timeout:{}
[ERROR] [2019-12-13 13:17:46] ChannelHandler.exceptionCaught(153) | network error 
io.netty.handler.codec.DecoderException: javax.net.ssl.SSLHandshakeException: General SSLEngine problem
	at io.netty.handler.codec.ByteToMessageDecoder.callDecode(ByteToMessageDecoder.java:472)
	at io.netty.handler.codec.ByteToMessageDecoder.channelRead(ByteToMessageDecoder.java:278)
	at io.netty.channel.AbstractChannelHandlerContext.invokeChannelRead(AbstractChannelHandlerContext.java:362)
	at io.netty.channel.AbstractChannelHandlerContext.invokeChannelRead(AbstractChannelHandlerContext.java:348)
	at io.netty.channel.AbstractChannelHandlerContext.fireChannelRead(AbstractChannelHandlerContext.java:340)
	at io.netty.channel.DefaultChannelPipeline$HeadContext.channelRead(DefaultChannelPipeline.java:1434)
	at io.netty.channel.AbstractChannelHandlerContext.invokeChannelRead(AbstractChannelHandlerContext.java:362)
	at io.netty.channel.AbstractChannelHandlerContext.invokeChannelRead(AbstractChannelHandlerContext.java:348)
	at io.netty.channel.DefaultChannelPipeline.fireChannelRead(DefaultChannelPipeline.java:965)
	at io.netty.channel.nio.AbstractNioByteChannel$NioByteUnsafe.read(AbstractNioByteChannel.java:163)
	at io.netty.channel.nio.NioEventLoop.processSelectedKey(NioEventLoop.java:656)
	at io.netty.channel.nio.NioEventLoop.processSelectedKeysOptimized(NioEventLoop.java:591)
	at io.netty.channel.nio.NioEventLoop.processSelectedKeys(NioEventLoop.java:508)
	at io.netty.channel.nio.NioEventLoop.run(NioEventLoop.java:470)
	at io.netty.util.concurrent.SingleThreadEventExecutor$5.run(SingleThreadEventExecutor.java:909)
	at io.netty.util.concurrent.FastThreadLocalRunnable.run(FastThreadLocalRunnable.java:30)
	at java.lang.Thread.run(Thread.java:748)
Caused by: javax.net.ssl.SSLHandshakeException: General SSLEngine problem
	at sun.security.ssl.Handshaker.checkThrown(Handshaker.java:1521)
	at sun.security.ssl.SSLEngineImpl.checkTaskThrown(SSLEngineImpl.java:528)
	at sun.security.ssl.SSLEngineImpl.readNetRecord(SSLEngineImpl.java:802)
	at sun.security.ssl.SSLEngineImpl.unwrap(SSLEngineImpl.java:766)
	at javax.net.ssl.SSLEngine.unwrap(SSLEngine.java:624)
	at io.netty.handler.ssl.SslHandler$SslEngineType$3.unwrap(SslHandler.java:295)
	at io.netty.handler.ssl.SslHandler.unwrap(SslHandler.java:1301)
	at io.netty.handler.ssl.SslHandler.decodeJdkCompatible(SslHandler.java:1203)
	at io.netty.handler.ssl.SslHandler.decode(SslHandler.java:1247)
	at io.netty.handler.codec.ByteToMessageDecoder.decodeRemovalReentryProtection(ByteToMessageDecoder.java:502)
	at io.netty.handler.codec.ByteToMessageDecoder.callDecode(ByteToMessageDecoder.java:441)
	... 16 more
Caused by: javax.net.ssl.SSLHandshakeException: General SSLEngine problem
	at sun.security.ssl.Alerts.getSSLException(Alerts.java:192)
	at sun.security.ssl.SSLEngineImpl.fatal(SSLEngineImpl.java:1709)
	at sun.security.ssl.Handshaker.fatalSE(Handshaker.java:318)
	at sun.security.ssl.Handshaker.fatalSE(Handshaker.java:310)
	at sun.security.ssl.ClientHandshaker.serverCertificate(ClientHandshaker.java:1639)
	at sun.security.ssl.ClientHandshaker.processMessage(ClientHandshaker.java:223)
	at sun.security.ssl.Handshaker.processLoop(Handshaker.java:1037)
	at sun.security.ssl.Handshaker$1.run(Handshaker.java:970)
	at sun.security.ssl.Handshaker$1.run(Handshaker.java:967)
	at java.security.AccessController.doPrivileged(Native Method)
	at sun.security.ssl.Handshaker$DelegatedTask.run(Handshaker.java:1459)
	at io.netty.handler.ssl.SslHandler.runDelegatedTasks(SslHandler.java:1464)
	at io.netty.handler.ssl.SslHandler.unwrap(SslHandler.java:1369)
	... 20 more
Caused by: sun.security.validator.ValidatorException: PKIX path validation failed: java.security.cert.CertPathValidatorException: signature check failed
	at sun.security.validator.PKIXValidator.doValidate(PKIXValidator.java:362)
	at sun.security.validator.PKIXValidator.engineValidate(PKIXValidator.java:270)
	at sun.security.validator.Validator.validate(Validator.java:262)
	at sun.security.ssl.X509TrustManagerImpl.validate(X509TrustManagerImpl.java:330)
	at sun.security.ssl.X509TrustManagerImpl.checkTrusted(X509TrustManagerImpl.java:289)
	at sun.security.ssl.X509TrustManagerImpl.checkServerTrusted(X509TrustManagerImpl.java:144)
	at sun.security.ssl.ClientHandshaker.serverCertificate(ClientHandshaker.java:1626)
	... 28 more
Caused by: java.security.cert.CertPathValidatorException: signature check failed
	at sun.security.provider.certpath.PKIXMasterCertPathValidator.validate(PKIXMasterCertPathValidator.java:135)
	at sun.security.provider.certpath.PKIXCertPathValidator.validate(PKIXCertPathValidator.java:233)
	at sun.security.provider.certpath.PKIXCertPathValidator.validate(PKIXCertPathValidator.java:141)
	at sun.security.provider.certpath.PKIXCertPathValidator.engineValidate(PKIXCertPathValidator.java:80)
	at java.security.cert.CertPathValidator.validate(CertPathValidator.java:292)
	at sun.security.validator.PKIXValidator.doValidate(PKIXValidator.java:357)
	... 34 more
Caused by: java.security.SignatureException: Signature does not match.
	at sun.security.x509.X509CertImpl.verify(X509CertImpl.java:424)
	at sun.security.provider.certpath.BasicChecker.verifySignature(BasicChecker.java:166)
	at sun.security.provider.certpath.BasicChecker.check(BasicChecker.java:147)
	at sun.security.provider.certpath.PKIXMasterCertPathValidator.validate(PKIXMasterCertPathValidator.java:125)
	... 39 more
[ERROR] [2019-12-13 13:17:47] BcosResponseCallback.onTimeout(17) | Processing bcos message timeout:{}
[ERROR] [2019-12-13 13:17:48] ChannelHandler.exceptionCaught(153) | network error 
io.netty.handler.codec.DecoderException: javax.net.ssl.SSLHandshakeException: General SSLEngine problem
	at io.netty.handler.codec.ByteToMessageDecoder.callDecode(ByteToMessageDecoder.java:472)
	at io.netty.handler.codec.ByteToMessageDecoder.channelRead(ByteToMessageDecoder.java:278)
	at io.netty.channel.AbstractChannelHandlerContext.invokeChannelRead(AbstractChannelHandlerContext.java:362)
	at io.netty.channel.AbstractChannelHandlerContext.invokeChannelRead(AbstractChannelHandlerContext.java:348)
	at io.netty.channel.AbstractChannelHandlerContext.fireChannelRead(AbstractChannelHandlerContext.java:340)
	at io.netty.channel.DefaultChannelPipeline$HeadContext.channelRead(DefaultChannelPipeline.java:1434)
	at io.netty.channel.AbstractChannelHandlerContext.invokeChannelRead(AbstractChannelHandlerContext.java:362)
	at io.netty.channel.AbstractChannelHandlerContext.invokeChannelRead(AbstractChannelHandlerContext.java:348)
	at io.netty.channel.DefaultChannelPipeline.fireChannelRead(DefaultChannelPipeline.java:965)
	at io.netty.channel.nio.AbstractNioByteChannel$NioByteUnsafe.read(AbstractNioByteChannel.java:163)
	at io.netty.channel.nio.NioEventLoop.processSelectedKey(NioEventLoop.java:656)
	at io.netty.channel.nio.NioEventLoop.processSelectedKeysOptimized(NioEventLoop.java:591)
	at io.netty.channel.nio.NioEventLoop.processSelectedKeys(NioEventLoop.java:508)
	at io.netty.channel.nio.NioEventLoop.run(NioEventLoop.java:470)
	at io.netty.util.concurrent.SingleThreadEventExecutor$5.run(SingleThreadEventExecutor.java:909)
	at io.netty.util.concurrent.FastThreadLocalRunnable.run(FastThreadLocalRunnable.java:30)
	at java.lang.Thread.run(Thread.java:748)
Caused by: javax.net.ssl.SSLHandshakeException: General SSLEngine problem
	at sun.security.ssl.Handshaker.checkThrown(Handshaker.java:1521)
	at sun.security.ssl.SSLEngineImpl.checkTaskThrown(SSLEngineImpl.java:528)
	at sun.security.ssl.SSLEngineImpl.readNetRecord(SSLEngineImpl.java:802)
	at sun.security.ssl.SSLEngineImpl.unwrap(SSLEngineImpl.java:766)
	at javax.net.ssl.SSLEngine.unwrap(SSLEngine.java:624)
	at io.netty.handler.ssl.SslHandler$SslEngineType$3.unwrap(SslHandler.java:295)
	at io.netty.handler.ssl.SslHandler.unwrap(SslHandler.java:1301)
	at io.netty.handler.ssl.SslHandler.decodeJdkCompatible(SslHandler.java:1203)
	at io.netty.handler.ssl.SslHandler.decode(SslHandler.java:1247)
	at io.netty.handler.codec.ByteToMessageDecoder.decodeRemovalReentryProtection(ByteToMessageDecoder.java:502)
	at io.netty.handler.codec.ByteToMessageDecoder.callDecode(ByteToMessageDecoder.java:441)
	... 16 more
Caused by: javax.net.ssl.SSLHandshakeException: General SSLEngine problem
	at sun.security.ssl.Alerts.getSSLException(Alerts.java:192)
	at sun.security.ssl.SSLEngineImpl.fatal(SSLEngineImpl.java:1709)
	at sun.security.ssl.Handshaker.fatalSE(Handshaker.java:318)
	at sun.security.ssl.Handshaker.fatalSE(Handshaker.java:310)
	at sun.security.ssl.ClientHandshaker.serverCertificate(ClientHandshaker.java:1639)
	at sun.security.ssl.ClientHandshaker.processMessage(ClientHandshaker.java:223)
	at sun.security.ssl.Handshaker.processLoop(Handshaker.java:1037)
	at sun.security.ssl.Handshaker$1.run(Handshaker.java:970)
	at sun.security.ssl.Handshaker$1.run(Handshaker.java:967)
	at java.security.AccessController.doPrivileged(Native Method)
	at sun.security.ssl.Handshaker$DelegatedTask.run(Handshaker.java:1459)
	at io.netty.handler.ssl.SslHandler.runDelegatedTasks(SslHandler.java:1464)
	at io.netty.handler.ssl.SslHandler.unwrap(SslHandler.java:1369)
	... 20 more
Caused by: sun.security.validator.ValidatorException: PKIX path validation failed: java.security.cert.CertPathValidatorException: signature check failed
	at sun.security.validator.PKIXValidator.doValidate(PKIXValidator.java:362)
	at sun.security.validator.PKIXValidator.engineValidate(PKIXValidator.java:270)
	at sun.security.validator.Validator.validate(Validator.java:262)
	at sun.security.ssl.X509TrustManagerImpl.validate(X509TrustManagerImpl.java:330)
	at sun.security.ssl.X509TrustManagerImpl.checkTrusted(X509TrustManagerImpl.java:289)
	at sun.security.ssl.X509TrustManagerImpl.checkServerTrusted(X509TrustManagerImpl.java:144)
	at sun.security.ssl.ClientHandshaker.serverCertificate(ClientHandshaker.java:1626)
	... 28 more
Caused by: java.security.cert.CertPathValidatorException: signature check failed
	at sun.security.provider.certpath.PKIXMasterCertPathValidator.validate(PKIXMasterCertPathValidator.java:135)
	at sun.security.provider.certpath.PKIXCertPathValidator.validate(PKIXCertPathValidator.java:233)
	at sun.security.provider.certpath.PKIXCertPathValidator.validate(PKIXCertPathValidator.java:141)
	at sun.security.provider.certpath.PKIXCertPathValidator.engineValidate(PKIXCertPathValidator.java:80)
	at java.security.cert.CertPathValidator.validate(CertPathValidator.java:292)
	at sun.security.validator.PKIXValidator.doValidate(PKIXValidator.java:357)
	... 34 more
Caused by: java.security.SignatureException: Signature does not match.
	at sun.security.x509.X509CertImpl.verify(X509CertImpl.java:424)
	at sun.security.provider.certpath.BasicChecker.verifySignature(BasicChecker.java:166)
	at sun.security.provider.certpath.BasicChecker.check(BasicChecker.java:147)
	at sun.security.provider.certpath.PKIXMasterCertPathValidator.validate(PKIXMasterCertPathValidator.java:125)
	... 39 more
[ERROR] [2019-12-13 13:17:49] BcosResponseCallback.onTimeout(17) | Processing bcos message timeout:{}
[ERROR] [2019-12-13 13:17:50] ChannelHandler.exceptionCaught(153) | network error 
io.netty.handler.codec.DecoderException: javax.net.ssl.SSLHandshakeException: General SSLEngine problem
	at io.netty.handler.codec.ByteToMessageDecoder.callDecode(ByteToMessageDecoder.java:472)
	at io.netty.handler.codec.ByteToMessageDecoder.channelRead(ByteToMessageDecoder.java:278)
	at io.netty.channel.AbstractChannelHandlerContext.invokeChannelRead(AbstractChannelHandlerContext.java:362)
	at io.netty.channel.AbstractChannelHandlerContext.invokeChannelRead(AbstractChannelHandlerContext.java:348)
	at io.netty.channel.AbstractChannelHandlerContext.fireChannelRead(AbstractChannelHandlerContext.java:340)
	at io.netty.channel.DefaultChannelPipeline$HeadContext.channelRead(DefaultChannelPipeline.java:1434)
	at io.netty.channel.AbstractChannelHandlerContext.invokeChannelRead(AbstractChannelHandlerContext.java:362)
	at io.netty.channel.AbstractChannelHandlerContext.invokeChannelRead(AbstractChannelHandlerContext.java:348)
	at io.netty.channel.DefaultChannelPipeline.fireChannelRead(DefaultChannelPipeline.java:965)
	at io.netty.channel.nio.AbstractNioByteChannel$NioByteUnsafe.read(AbstractNioByteChannel.java:163)
	at io.netty.channel.nio.NioEventLoop.processSelectedKey(NioEventLoop.java:656)
	at io.netty.channel.nio.NioEventLoop.processSelectedKeysOptimized(NioEventLoop.java:591)
	at io.netty.channel.nio.NioEventLoop.processSelectedKeys(NioEventLoop.java:508)
	at io.netty.channel.nio.NioEventLoop.run(NioEventLoop.java:470)
	at io.netty.util.concurrent.SingleThreadEventExecutor$5.run(SingleThreadEventExecutor.java:909)
	at io.netty.util.concurrent.FastThreadLocalRunnable.run(FastThreadLocalRunnable.java:30)
	at java.lang.Thread.run(Thread.java:748)
Caused by: javax.net.ssl.SSLHandshakeException: General SSLEngine problem
	at sun.security.ssl.Handshaker.checkThrown(Handshaker.java:1521)
	at sun.security.ssl.SSLEngineImpl.checkTaskThrown(SSLEngineImpl.java:528)
	at sun.security.ssl.SSLEngineImpl.readNetRecord(SSLEngineImpl.java:802)
	at sun.security.ssl.SSLEngineImpl.unwrap(SSLEngineImpl.java:766)
	at javax.net.ssl.SSLEngine.unwrap(SSLEngine.java:624)
	at io.netty.handler.ssl.SslHandler$SslEngineType$3.unwrap(SslHandler.java:295)
	at io.netty.handler.ssl.SslHandler.unwrap(SslHandler.java:1301)
	at io.netty.handler.ssl.SslHandler.decodeJdkCompatible(SslHandler.java:1203)
	at io.netty.handler.ssl.SslHandler.decode(SslHandler.java:1247)
	at io.netty.handler.codec.ByteToMessageDecoder.decodeRemovalReentryProtection(ByteToMessageDecoder.java:502)
	at io.netty.handler.codec.ByteToMessageDecoder.callDecode(ByteToMessageDecoder.java:441)
	... 16 more
Caused by: javax.net.ssl.SSLHandshakeException: General SSLEngine problem
	at sun.security.ssl.Alerts.getSSLException(Alerts.java:192)
	at sun.security.ssl.SSLEngineImpl.fatal(SSLEngineImpl.java:1709)
	at sun.security.ssl.Handshaker.fatalSE(Handshaker.java:318)
	at sun.security.ssl.Handshaker.fatalSE(Handshaker.java:310)
	at sun.security.ssl.ClientHandshaker.serverCertificate(ClientHandshaker.java:1639)
	at sun.security.ssl.ClientHandshaker.processMessage(ClientHandshaker.java:223)
	at sun.security.ssl.Handshaker.processLoop(Handshaker.java:1037)
	at sun.security.ssl.Handshaker$1.run(Handshaker.java:970)
	at sun.security.ssl.Handshaker$1.run(Handshaker.java:967)
	at java.security.AccessController.doPrivileged(Native Method)
	at sun.security.ssl.Handshaker$DelegatedTask.run(Handshaker.java:1459)
	at io.netty.handler.ssl.SslHandler.runDelegatedTasks(SslHandler.java:1464)
	at io.netty.handler.ssl.SslHandler.unwrap(SslHandler.java:1369)
	... 20 more
Caused by: sun.security.validator.ValidatorException: PKIX path validation failed: java.security.cert.CertPathValidatorException: signature check failed
	at sun.security.validator.PKIXValidator.doValidate(PKIXValidator.java:362)
	at sun.security.validator.PKIXValidator.engineValidate(PKIXValidator.java:270)
	at sun.security.validator.Validator.validate(Validator.java:262)
	at sun.security.ssl.X509TrustManagerImpl.validate(X509TrustManagerImpl.java:330)
	at sun.security.ssl.X509TrustManagerImpl.checkTrusted(X509TrustManagerImpl.java:289)
	at sun.security.ssl.X509TrustManagerImpl.checkServerTrusted(X509TrustManagerImpl.java:144)
	at sun.security.ssl.ClientHandshaker.serverCertificate(ClientHandshaker.java:1626)
	... 28 more
Caused by: java.security.cert.CertPathValidatorException: signature check failed
	at sun.security.provider.certpath.PKIXMasterCertPathValidator.validate(PKIXMasterCertPathValidator.java:135)
	at sun.security.provider.certpath.PKIXCertPathValidator.validate(PKIXCertPathValidator.java:233)
	at sun.security.provider.certpath.PKIXCertPathValidator.validate(PKIXCertPathValidator.java:141)
	at sun.security.provider.certpath.PKIXCertPathValidator.engineValidate(PKIXCertPathValidator.java:80)
	at java.security.cert.CertPathValidator.validate(CertPathValidator.java:292)
	at sun.security.validator.PKIXValidator.doValidate(PKIXValidator.java:357)
	... 34 more
Caused by: java.security.SignatureException: Signature does not match.
	at sun.security.x509.X509CertImpl.verify(X509CertImpl.java:424)
	at sun.security.provider.certpath.BasicChecker.verifySignature(BasicChecker.java:166)
	at sun.security.provider.certpath.BasicChecker.check(BasicChecker.java:147)
	at sun.security.provider.certpath.PKIXMasterCertPathValidator.validate(PKIXMasterCertPathValidator.java:125)
	... 39 more
[ERROR] [2019-12-13 13:17:51] BcosResponseCallback.onTimeout(17) | Processing bcos message timeout:{}
[ERROR] [2019-12-13 13:17:52] ChannelHandler.exceptionCaught(153) | network error 
io.netty.handler.codec.DecoderException: javax.net.ssl.SSLHandshakeException: General SSLEngine problem
	at io.netty.handler.codec.ByteToMessageDecoder.callDecode(ByteToMessageDecoder.java:472)
	at io.netty.handler.codec.ByteToMessageDecoder.channelRead(ByteToMessageDecoder.java:278)
	at io.netty.channel.AbstractChannelHandlerContext.invokeChannelRead(AbstractChannelHandlerContext.java:362)
	at io.netty.channel.AbstractChannelHandlerContext.invokeChannelRead(AbstractChannelHandlerContext.java:348)
	at io.netty.channel.AbstractChannelHandlerContext.fireChannelRead(AbstractChannelHandlerContext.java:340)
	at io.netty.channel.DefaultChannelPipeline$HeadContext.channelRead(DefaultChannelPipeline.java:1434)
	at io.netty.channel.AbstractChannelHandlerContext.invokeChannelRead(AbstractChannelHandlerContext.java:362)
	at io.netty.channel.AbstractChannelHandlerContext.invokeChannelRead(AbstractChannelHandlerContext.java:348)
	at io.netty.channel.DefaultChannelPipeline.fireChannelRead(DefaultChannelPipeline.java:965)
	at io.netty.channel.nio.AbstractNioByteChannel$NioByteUnsafe.read(AbstractNioByteChannel.java:163)
	at io.netty.channel.nio.NioEventLoop.processSelectedKey(NioEventLoop.java:656)
	at io.netty.channel.nio.NioEventLoop.processSelectedKeysOptimized(NioEventLoop.java:591)
	at io.netty.channel.nio.NioEventLoop.processSelectedKeys(NioEventLoop.java:508)
	at io.netty.channel.nio.NioEventLoop.run(NioEventLoop.java:470)
	at io.netty.util.concurrent.SingleThreadEventExecutor$5.run(SingleThreadEventExecutor.java:909)
	at io.netty.util.concurrent.FastThreadLocalRunnable.run(FastThreadLocalRunnable.java:30)
	at java.lang.Thread.run(Thread.java:748)
Caused by: javax.net.ssl.SSLHandshakeException: General SSLEngine problem
	at sun.security.ssl.Handshaker.checkThrown(Handshaker.java:1521)
	at sun.security.ssl.SSLEngineImpl.checkTaskThrown(SSLEngineImpl.java:528)
	at sun.security.ssl.SSLEngineImpl.readNetRecord(SSLEngineImpl.java:802)
	at sun.security.ssl.SSLEngineImpl.unwrap(SSLEngineImpl.java:766)
	at javax.net.ssl.SSLEngine.unwrap(SSLEngine.java:624)
	at io.netty.handler.ssl.SslHandler$SslEngineType$3.unwrap(SslHandler.java:295)
	at io.netty.handler.ssl.SslHandler.unwrap(SslHandler.java:1301)
	at io.netty.handler.ssl.SslHandler.decodeJdkCompatible(SslHandler.java:1203)
	at io.netty.handler.ssl.SslHandler.decode(SslHandler.java:1247)
	at io.netty.handler.codec.ByteToMessageDecoder.decodeRemovalReentryProtection(ByteToMessageDecoder.java:502)
	at io.netty.handler.codec.ByteToMessageDecoder.callDecode(ByteToMessageDecoder.java:441)
	... 16 more
Caused by: javax.net.ssl.SSLHandshakeException: General SSLEngine problem
	at sun.security.ssl.Alerts.getSSLException(Alerts.java:192)
	at sun.security.ssl.SSLEngineImpl.fatal(SSLEngineImpl.java:1709)
	at sun.security.ssl.Handshaker.fatalSE(Handshaker.java:318)
	at sun.security.ssl.Handshaker.fatalSE(Handshaker.java:310)
	at sun.security.ssl.ClientHandshaker.serverCertificate(ClientHandshaker.java:1639)
	at sun.security.ssl.ClientHandshaker.processMessage(ClientHandshaker.java:223)
	at sun.security.ssl.Handshaker.processLoop(Handshaker.java:1037)
	at sun.security.ssl.Handshaker$1.run(Handshaker.java:970)
	at sun.security.ssl.Handshaker$1.run(Handshaker.java:967)
	at java.security.AccessController.doPrivileged(Native Method)
	at sun.security.ssl.Handshaker$DelegatedTask.run(Handshaker.java:1459)
	at io.netty.handler.ssl.SslHandler.runDelegatedTasks(SslHandler.java:1464)
	at io.netty.handler.ssl.SslHandler.unwrap(SslHandler.java:1369)
	... 20 more
Caused by: sun.security.validator.ValidatorException: PKIX path validation failed: java.security.cert.CertPathValidatorException: signature check failed
	at sun.security.validator.PKIXValidator.doValidate(PKIXValidator.java:362)
	at sun.security.validator.PKIXValidator.engineValidate(PKIXValidator.java:270)
	at sun.security.validator.Validator.validate(Validator.java:262)
	at sun.security.ssl.X509TrustManagerImpl.validate(X509TrustManagerImpl.java:330)
	at sun.security.ssl.X509TrustManagerImpl.checkTrusted(X509TrustManagerImpl.java:289)
	at sun.security.ssl.X509TrustManagerImpl.checkServerTrusted(X509TrustManagerImpl.java:144)
	at sun.security.ssl.ClientHandshaker.serverCertificate(ClientHandshaker.java:1626)
	... 28 more
Caused by: java.security.cert.CertPathValidatorException: signature check failed
	at sun.security.provider.certpath.PKIXMasterCertPathValidator.validate(PKIXMasterCertPathValidator.java:135)
	at sun.security.provider.certpath.PKIXCertPathValidator.validate(PKIXCertPathValidator.java:233)
	at sun.security.provider.certpath.PKIXCertPathValidator.validate(PKIXCertPathValidator.java:141)
	at sun.security.provider.certpath.PKIXCertPathValidator.engineValidate(PKIXCertPathValidator.java:80)
	at java.security.cert.CertPathValidator.validate(CertPathValidator.java:292)
	at sun.security.validator.PKIXValidator.doValidate(PKIXValidator.java:357)
	... 34 more
Caused by: java.security.SignatureException: Signature does not match.
	at sun.security.x509.X509CertImpl.verify(X509CertImpl.java:424)
	at sun.security.provider.certpath.BasicChecker.verifySignature(BasicChecker.java:166)
	at sun.security.provider.certpath.BasicChecker.check(BasicChecker.java:147)
	at sun.security.provider.certpath.PKIXMasterCertPathValidator.validate(PKIXMasterCertPathValidator.java:125)
	... 39 more
[ERROR] [2019-12-13 13:17:53] BcosResponseCallback.onTimeout(17) | Processing bcos message timeout:{}
[ERROR] [2019-12-13 13:17:54] ChannelHandler.exceptionCaught(153) | network error 
io.netty.handler.codec.DecoderException: javax.net.ssl.SSLHandshakeException: General SSLEngine problem
	at io.netty.handler.codec.ByteToMessageDecoder.callDecode(ByteToMessageDecoder.java:472)
	at io.netty.handler.codec.ByteToMessageDecoder.channelRead(ByteToMessageDecoder.java:278)
	at io.netty.channel.AbstractChannelHandlerContext.invokeChannelRead(AbstractChannelHandlerContext.java:362)
	at io.netty.channel.AbstractChannelHandlerContext.invokeChannelRead(AbstractChannelHandlerContext.java:348)
	at io.netty.channel.AbstractChannelHandlerContext.fireChannelRead(AbstractChannelHandlerContext.java:340)
	at io.netty.channel.DefaultChannelPipeline$HeadContext.channelRead(DefaultChannelPipeline.java:1434)
	at io.netty.channel.AbstractChannelHandlerContext.invokeChannelRead(AbstractChannelHandlerContext.java:362)
	at io.netty.channel.AbstractChannelHandlerContext.invokeChannelRead(AbstractChannelHandlerContext.java:348)
	at io.netty.channel.DefaultChannelPipeline.fireChannelRead(DefaultChannelPipeline.java:965)
	at io.netty.channel.nio.AbstractNioByteChannel$NioByteUnsafe.read(AbstractNioByteChannel.java:163)
	at io.netty.channel.nio.NioEventLoop.processSelectedKey(NioEventLoop.java:656)
	at io.netty.channel.nio.NioEventLoop.processSelectedKeysOptimized(NioEventLoop.java:591)
	at io.netty.channel.nio.NioEventLoop.processSelectedKeys(NioEventLoop.java:508)
	at io.netty.channel.nio.NioEventLoop.run(NioEventLoop.java:470)
	at io.netty.util.concurrent.SingleThreadEventExecutor$5.run(SingleThreadEventExecutor.java:909)
	at io.netty.util.concurrent.FastThreadLocalRunnable.run(FastThreadLocalRunnable.java:30)
	at java.lang.Thread.run(Thread.java:748)
Caused by: javax.net.ssl.SSLHandshakeException: General SSLEngine problem
	at sun.security.ssl.Handshaker.checkThrown(Handshaker.java:1521)
	at sun.security.ssl.SSLEngineImpl.checkTaskThrown(SSLEngineImpl.java:528)
	at sun.security.ssl.SSLEngineImpl.readNetRecord(SSLEngineImpl.java:802)
	at sun.security.ssl.SSLEngineImpl.unwrap(SSLEngineImpl.java:766)
	at javax.net.ssl.SSLEngine.unwrap(SSLEngine.java:624)
	at io.netty.handler.ssl.SslHandler$SslEngineType$3.unwrap(SslHandler.java:295)
	at io.netty.handler.ssl.SslHandler.unwrap(SslHandler.java:1301)
	at io.netty.handler.ssl.SslHandler.decodeJdkCompatible(SslHandler.java:1203)
	at io.netty.handler.ssl.SslHandler.decode(SslHandler.java:1247)
	at io.netty.handler.codec.ByteToMessageDecoder.decodeRemovalReentryProtection(ByteToMessageDecoder.java:502)
	at io.netty.handler.codec.ByteToMessageDecoder.callDecode(ByteToMessageDecoder.java:441)
	... 16 more
Caused by: javax.net.ssl.SSLHandshakeException: General SSLEngine problem
	at sun.security.ssl.Alerts.getSSLException(Alerts.java:192)
	at sun.security.ssl.SSLEngineImpl.fatal(SSLEngineImpl.java:1709)
	at sun.security.ssl.Handshaker.fatalSE(Handshaker.java:318)
	at sun.security.ssl.Handshaker.fatalSE(Handshaker.java:310)
	at sun.security.ssl.ClientHandshaker.serverCertificate(ClientHandshaker.java:1639)
	at sun.security.ssl.ClientHandshaker.processMessage(ClientHandshaker.java:223)
	at sun.security.ssl.Handshaker.processLoop(Handshaker.java:1037)
	at sun.security.ssl.Handshaker$1.run(Handshaker.java:970)
	at sun.security.ssl.Handshaker$1.run(Handshaker.java:967)
	at java.security.AccessController.doPrivileged(Native Method)
	at sun.security.ssl.Handshaker$DelegatedTask.run(Handshaker.java:1459)
	at io.netty.handler.ssl.SslHandler.runDelegatedTasks(SslHandler.java:1464)
	at io.netty.handler.ssl.SslHandler.unwrap(SslHandler.java:1369)
	... 20 more
Caused by: sun.security.validator.ValidatorException: PKIX path validation failed: java.security.cert.CertPathValidatorException: signature check failed
	at sun.security.validator.PKIXValidator.doValidate(PKIXValidator.java:362)
	at sun.security.validator.PKIXValidator.engineValidate(PKIXValidator.java:270)
	at sun.security.validator.Validator.validate(Validator.java:262)
	at sun.security.ssl.X509TrustManagerImpl.validate(X509TrustManagerImpl.java:330)
	at sun.security.ssl.X509TrustManagerImpl.checkTrusted(X509TrustManagerImpl.java:289)
	at sun.security.ssl.X509TrustManagerImpl.checkServerTrusted(X509TrustManagerImpl.java:144)
	at sun.security.ssl.ClientHandshaker.serverCertificate(ClientHandshaker.java:1626)
	... 28 more
Caused by: java.security.cert.CertPathValidatorException: signature check failed
	at sun.security.provider.certpath.PKIXMasterCertPathValidator.validate(PKIXMasterCertPathValidator.java:135)
	at sun.security.provider.certpath.PKIXCertPathValidator.validate(PKIXCertPathValidator.java:233)
	at sun.security.provider.certpath.PKIXCertPathValidator.validate(PKIXCertPathValidator.java:141)
	at sun.security.provider.certpath.PKIXCertPathValidator.engineValidate(PKIXCertPathValidator.java:80)
	at java.security.cert.CertPathValidator.validate(CertPathValidator.java:292)
	at sun.security.validator.PKIXValidator.doValidate(PKIXValidator.java:357)
	... 34 more
Caused by: java.security.SignatureException: Signature does not match.
	at sun.security.x509.X509CertImpl.verify(X509CertImpl.java:424)
	at sun.security.provider.certpath.BasicChecker.verifySignature(BasicChecker.java:166)
	at sun.security.provider.certpath.BasicChecker.check(BasicChecker.java:147)
	at sun.security.provider.certpath.PKIXMasterCertPathValidator.validate(PKIXMasterCertPathValidator.java:125)
	... 39 more
[ERROR] [2019-12-13 13:17:55] BcosResponseCallback.onTimeout(17) | Processing bcos message timeout:{}
[ERROR] [2019-12-13 13:17:56] ChannelHandler.exceptionCaught(153) | network error 
io.netty.handler.codec.DecoderException: javax.net.ssl.SSLHandshakeException: General SSLEngine problem
	at io.netty.handler.codec.ByteToMessageDecoder.callDecode(ByteToMessageDecoder.java:472)
	at io.netty.handler.codec.ByteToMessageDecoder.channelRead(ByteToMessageDecoder.java:278)
	at io.netty.channel.AbstractChannelHandlerContext.invokeChannelRead(AbstractChannelHandlerContext.java:362)
	at io.netty.channel.AbstractChannelHandlerContext.invokeChannelRead(AbstractChannelHandlerContext.java:348)
	at io.netty.channel.AbstractChannelHandlerContext.fireChannelRead(AbstractChannelHandlerContext.java:340)
	at io.netty.channel.DefaultChannelPipeline$HeadContext.channelRead(DefaultChannelPipeline.java:1434)
	at io.netty.channel.AbstractChannelHandlerContext.invokeChannelRead(AbstractChannelHandlerContext.java:362)
	at io.netty.channel.AbstractChannelHandlerContext.invokeChannelRead(AbstractChannelHandlerContext.java:348)
	at io.netty.channel.DefaultChannelPipeline.fireChannelRead(DefaultChannelPipeline.java:965)
	at io.netty.channel.nio.AbstractNioByteChannel$NioByteUnsafe.read(AbstractNioByteChannel.java:163)
	at io.netty.channel.nio.NioEventLoop.processSelectedKey(NioEventLoop.java:656)
	at io.netty.channel.nio.NioEventLoop.processSelectedKeysOptimized(NioEventLoop.java:591)
	at io.netty.channel.nio.NioEventLoop.processSelectedKeys(NioEventLoop.java:508)
	at io.netty.channel.nio.NioEventLoop.run(NioEventLoop.java:470)
	at io.netty.util.concurrent.SingleThreadEventExecutor$5.run(SingleThreadEventExecutor.java:909)
	at io.netty.util.concurrent.FastThreadLocalRunnable.run(FastThreadLocalRunnable.java:30)
	at java.lang.Thread.run(Thread.java:748)
Caused by: javax.net.ssl.SSLHandshakeException: General SSLEngine problem
	at sun.security.ssl.Handshaker.checkThrown(Handshaker.java:1521)
	at sun.security.ssl.SSLEngineImpl.checkTaskThrown(SSLEngineImpl.java:528)
	at sun.security.ssl.SSLEngineImpl.readNetRecord(SSLEngineImpl.java:802)
	at sun.security.ssl.SSLEngineImpl.unwrap(SSLEngineImpl.java:766)
	at javax.net.ssl.SSLEngine.unwrap(SSLEngine.java:624)
	at io.netty.handler.ssl.SslHandler$SslEngineType$3.unwrap(SslHandler.java:295)
	at io.netty.handler.ssl.SslHandler.unwrap(SslHandler.java:1301)
	at io.netty.handler.ssl.SslHandler.decodeJdkCompatible(SslHandler.java:1203)
	at io.netty.handler.ssl.SslHandler.decode(SslHandler.java:1247)
	at io.netty.handler.codec.ByteToMessageDecoder.decodeRemovalReentryProtection(ByteToMessageDecoder.java:502)
	at io.netty.handler.codec.ByteToMessageDecoder.callDecode(ByteToMessageDecoder.java:441)
	... 16 more
Caused by: javax.net.ssl.SSLHandshakeException: General SSLEngine problem
	at sun.security.ssl.Alerts.getSSLException(Alerts.java:192)
	at sun.security.ssl.SSLEngineImpl.fatal(SSLEngineImpl.java:1709)
	at sun.security.ssl.Handshaker.fatalSE(Handshaker.java:318)
	at sun.security.ssl.Handshaker.fatalSE(Handshaker.java:310)
	at sun.security.ssl.ClientHandshaker.serverCertificate(ClientHandshaker.java:1639)
	at sun.security.ssl.ClientHandshaker.processMessage(ClientHandshaker.java:223)
	at sun.security.ssl.Handshaker.processLoop(Handshaker.java:1037)
	at sun.security.ssl.Handshaker$1.run(Handshaker.java:970)
	at sun.security.ssl.Handshaker$1.run(Handshaker.java:967)
	at java.security.AccessController.doPrivileged(Native Method)
	at sun.security.ssl.Handshaker$DelegatedTask.run(Handshaker.java:1459)
	at io.netty.handler.ssl.SslHandler.runDelegatedTasks(SslHandler.java:1464)
	at io.netty.handler.ssl.SslHandler.unwrap(SslHandler.java:1369)
	... 20 more
Caused by: sun.security.validator.ValidatorException: PKIX path validation failed: java.security.cert.CertPathValidatorException: signature check failed
	at sun.security.validator.PKIXValidator.doValidate(PKIXValidator.java:362)
	at sun.security.validator.PKIXValidator.engineValidate(PKIXValidator.java:270)
	at sun.security.validator.Validator.validate(Validator.java:262)
	at sun.security.ssl.X509TrustManagerImpl.validate(X509TrustManagerImpl.java:330)
	at sun.security.ssl.X509TrustManagerImpl.checkTrusted(X509TrustManagerImpl.java:289)
	at sun.security.ssl.X509TrustManagerImpl.checkServerTrusted(X509TrustManagerImpl.java:144)
	at sun.security.ssl.ClientHandshaker.serverCertificate(ClientHandshaker.java:1626)
	... 28 more
Caused by: java.security.cert.CertPathValidatorException: signature check failed
	at sun.security.provider.certpath.PKIXMasterCertPathValidator.validate(PKIXMasterCertPathValidator.java:135)
	at sun.security.provider.certpath.PKIXCertPathValidator.validate(PKIXCertPathValidator.java:233)
	at sun.security.provider.certpath.PKIXCertPathValidator.validate(PKIXCertPathValidator.java:141)
	at sun.security.provider.certpath.PKIXCertPathValidator.engineValidate(PKIXCertPathValidator.java:80)
	at java.security.cert.CertPathValidator.validate(CertPathValidator.java:292)
	at sun.security.validator.PKIXValidator.doValidate(PKIXValidator.java:357)
	... 34 more
Caused by: java.security.SignatureException: Signature does not match.
	at sun.security.x509.X509CertImpl.verify(X509CertImpl.java:424)
	at sun.security.provider.certpath.BasicChecker.verifySignature(BasicChecker.java:166)
	at sun.security.provider.certpath.BasicChecker.check(BasicChecker.java:147)
	at sun.security.provider.certpath.PKIXMasterCertPathValidator.validate(PKIXMasterCertPathValidator.java:125)
	... 39 more
[ERROR] [2019-12-13 13:17:57] BcosResponseCallback.onTimeout(17) | Processing bcos message timeout:{}
[ERROR] [2019-12-13 13:17:58] ChannelHandler.exceptionCaught(153) | network error 
io.netty.handler.codec.DecoderException: javax.net.ssl.SSLHandshakeException: General SSLEngine problem
	at io.netty.handler.codec.ByteToMessageDecoder.callDecode(ByteToMessageDecoder.java:472)
	at io.netty.handler.codec.ByteToMessageDecoder.channelRead(ByteToMessageDecoder.java:278)
	at io.netty.channel.AbstractChannelHandlerContext.invokeChannelRead(AbstractChannelHandlerContext.java:362)
	at io.netty.channel.AbstractChannelHandlerContext.invokeChannelRead(AbstractChannelHandlerContext.java:348)
	at io.netty.channel.AbstractChannelHandlerContext.fireChannelRead(AbstractChannelHandlerContext.java:340)
	at io.netty.channel.DefaultChannelPipeline$HeadContext.channelRead(DefaultChannelPipeline.java:1434)
	at io.netty.channel.AbstractChannelHandlerContext.invokeChannelRead(AbstractChannelHandlerContext.java:362)
	at io.netty.channel.AbstractChannelHandlerContext.invokeChannelRead(AbstractChannelHandlerContext.java:348)
	at io.netty.channel.DefaultChannelPipeline.fireChannelRead(DefaultChannelPipeline.java:965)
	at io.netty.channel.nio.AbstractNioByteChannel$NioByteUnsafe.read(AbstractNioByteChannel.java:163)
	at io.netty.channel.nio.NioEventLoop.processSelectedKey(NioEventLoop.java:656)
	at io.netty.channel.nio.NioEventLoop.processSelectedKeysOptimized(NioEventLoop.java:591)
	at io.netty.channel.nio.NioEventLoop.processSelectedKeys(NioEventLoop.java:508)
	at io.netty.channel.nio.NioEventLoop.run(NioEventLoop.java:470)
	at io.netty.util.concurrent.SingleThreadEventExecutor$5.run(SingleThreadEventExecutor.java:909)
	at io.netty.util.concurrent.FastThreadLocalRunnable.run(FastThreadLocalRunnable.java:30)
	at java.lang.Thread.run(Thread.java:748)
Caused by: javax.net.ssl.SSLHandshakeException: General SSLEngine problem
	at sun.security.ssl.Handshaker.checkThrown(Handshaker.java:1521)
	at sun.security.ssl.SSLEngineImpl.checkTaskThrown(SSLEngineImpl.java:528)
	at sun.security.ssl.SSLEngineImpl.readNetRecord(SSLEngineImpl.java:802)
	at sun.security.ssl.SSLEngineImpl.unwrap(SSLEngineImpl.java:766)
	at javax.net.ssl.SSLEngine.unwrap(SSLEngine.java:624)
	at io.netty.handler.ssl.SslHandler$SslEngineType$3.unwrap(SslHandler.java:295)
	at io.netty.handler.ssl.SslHandler.unwrap(SslHandler.java:1301)
	at io.netty.handler.ssl.SslHandler.decodeJdkCompatible(SslHandler.java:1203)
	at io.netty.handler.ssl.SslHandler.decode(SslHandler.java:1247)
	at io.netty.handler.codec.ByteToMessageDecoder.decodeRemovalReentryProtection(ByteToMessageDecoder.java:502)
	at io.netty.handler.codec.ByteToMessageDecoder.callDecode(ByteToMessageDecoder.java:441)
	... 16 more
Caused by: javax.net.ssl.SSLHandshakeException: General SSLEngine problem
	at sun.security.ssl.Alerts.getSSLException(Alerts.java:192)
	at sun.security.ssl.SSLEngineImpl.fatal(SSLEngineImpl.java:1709)
	at sun.security.ssl.Handshaker.fatalSE(Handshaker.java:318)
	at sun.security.ssl.Handshaker.fatalSE(Handshaker.java:310)
	at sun.security.ssl.ClientHandshaker.serverCertificate(ClientHandshaker.java:1639)
	at sun.security.ssl.ClientHandshaker.processMessage(ClientHandshaker.java:223)
	at sun.security.ssl.Handshaker.processLoop(Handshaker.java:1037)
	at sun.security.ssl.Handshaker$1.run(Handshaker.java:970)
	at sun.security.ssl.Handshaker$1.run(Handshaker.java:967)
	at java.security.AccessController.doPrivileged(Native Method)
	at sun.security.ssl.Handshaker$DelegatedTask.run(Handshaker.java:1459)
	at io.netty.handler.ssl.SslHandler.runDelegatedTasks(SslHandler.java:1464)
	at io.netty.handler.ssl.SslHandler.unwrap(SslHandler.java:1369)
	... 20 more
Caused by: sun.security.validator.ValidatorException: PKIX path validation failed: java.security.cert.CertPathValidatorException: signature check failed
	at sun.security.validator.PKIXValidator.doValidate(PKIXValidator.java:362)
	at sun.security.validator.PKIXValidator.engineValidate(PKIXValidator.java:270)
	at sun.security.validator.Validator.validate(Validator.java:262)
	at sun.security.ssl.X509TrustManagerImpl.validate(X509TrustManagerImpl.java:330)
	at sun.security.ssl.X509TrustManagerImpl.checkTrusted(X509TrustManagerImpl.java:289)
	at sun.security.ssl.X509TrustManagerImpl.checkServerTrusted(X509TrustManagerImpl.java:144)
	at sun.security.ssl.ClientHandshaker.serverCertificate(ClientHandshaker.java:1626)
	... 28 more
Caused by: java.security.cert.CertPathValidatorException: signature check failed
	at sun.security.provider.certpath.PKIXMasterCertPathValidator.validate(PKIXMasterCertPathValidator.java:135)
	at sun.security.provider.certpath.PKIXCertPathValidator.validate(PKIXCertPathValidator.java:233)
	at sun.security.provider.certpath.PKIXCertPathValidator.validate(PKIXCertPathValidator.java:141)
	at sun.security.provider.certpath.PKIXCertPathValidator.engineValidate(PKIXCertPathValidator.java:80)
	at java.security.cert.CertPathValidator.validate(CertPathValidator.java:292)
	at sun.security.validator.PKIXValidator.doValidate(PKIXValidator.java:357)
	... 34 more
Caused by: java.security.SignatureException: Signature does not match.
	at sun.security.x509.X509CertImpl.verify(X509CertImpl.java:424)
	at sun.security.provider.certpath.BasicChecker.verifySignature(BasicChecker.java:166)
	at sun.security.provider.certpath.BasicChecker.check(BasicChecker.java:147)
	at sun.security.provider.certpath.PKIXMasterCertPathValidator.validate(PKIXMasterCertPathValidator.java:125)
	... 39 more
[ERROR] [2019-12-13 13:17:59] BcosResponseCallback.onTimeout(17) | Processing bcos message timeout:{}
[ERROR] [2019-12-13 13:18:00] ChannelHandler.exceptionCaught(153) | network error 
io.netty.handler.codec.DecoderException: javax.net.ssl.SSLHandshakeException: General SSLEngine problem
	at io.netty.handler.codec.ByteToMessageDecoder.callDecode(ByteToMessageDecoder.java:472)
	at io.netty.handler.codec.ByteToMessageDecoder.channelRead(ByteToMessageDecoder.java:278)
	at io.netty.channel.AbstractChannelHandlerContext.invokeChannelRead(AbstractChannelHandlerContext.java:362)
	at io.netty.channel.AbstractChannelHandlerContext.invokeChannelRead(AbstractChannelHandlerContext.java:348)
	at io.netty.channel.AbstractChannelHandlerContext.fireChannelRead(AbstractChannelHandlerContext.java:340)
	at io.netty.channel.DefaultChannelPipeline$HeadContext.channelRead(DefaultChannelPipeline.java:1434)
	at io.netty.channel.AbstractChannelHandlerContext.invokeChannelRead(AbstractChannelHandlerContext.java:362)
	at io.netty.channel.AbstractChannelHandlerContext.invokeChannelRead(AbstractChannelHandlerContext.java:348)
	at io.netty.channel.DefaultChannelPipeline.fireChannelRead(DefaultChannelPipeline.java:965)
	at io.netty.channel.nio.AbstractNioByteChannel$NioByteUnsafe.read(AbstractNioByteChannel.java:163)
	at io.netty.channel.nio.NioEventLoop.processSelectedKey(NioEventLoop.java:656)
	at io.netty.channel.nio.NioEventLoop.processSelectedKeysOptimized(NioEventLoop.java:591)
	at io.netty.channel.nio.NioEventLoop.processSelectedKeys(NioEventLoop.java:508)
	at io.netty.channel.nio.NioEventLoop.run(NioEventLoop.java:470)
	at io.netty.util.concurrent.SingleThreadEventExecutor$5.run(SingleThreadEventExecutor.java:909)
	at io.netty.util.concurrent.FastThreadLocalRunnable.run(FastThreadLocalRunnable.java:30)
	at java.lang.Thread.run(Thread.java:748)
Caused by: javax.net.ssl.SSLHandshakeException: General SSLEngine problem
	at sun.security.ssl.Handshaker.checkThrown(Handshaker.java:1521)
	at sun.security.ssl.SSLEngineImpl.checkTaskThrown(SSLEngineImpl.java:528)
	at sun.security.ssl.SSLEngineImpl.readNetRecord(SSLEngineImpl.java:802)
	at sun.security.ssl.SSLEngineImpl.unwrap(SSLEngineImpl.java:766)
	at javax.net.ssl.SSLEngine.unwrap(SSLEngine.java:624)
	at io.netty.handler.ssl.SslHandler$SslEngineType$3.unwrap(SslHandler.java:295)
	at io.netty.handler.ssl.SslHandler.unwrap(SslHandler.java:1301)
	at io.netty.handler.ssl.SslHandler.decodeJdkCompatible(SslHandler.java:1203)
	at io.netty.handler.ssl.SslHandler.decode(SslHandler.java:1247)
	at io.netty.handler.codec.ByteToMessageDecoder.decodeRemovalReentryProtection(ByteToMessageDecoder.java:502)
	at io.netty.handler.codec.ByteToMessageDecoder.callDecode(ByteToMessageDecoder.java:441)
	... 16 more
Caused by: javax.net.ssl.SSLHandshakeException: General SSLEngine problem
	at sun.security.ssl.Alerts.getSSLException(Alerts.java:192)
	at sun.security.ssl.SSLEngineImpl.fatal(SSLEngineImpl.java:1709)
	at sun.security.ssl.Handshaker.fatalSE(Handshaker.java:318)
	at sun.security.ssl.Handshaker.fatalSE(Handshaker.java:310)
	at sun.security.ssl.ClientHandshaker.serverCertificate(ClientHandshaker.java:1639)
	at sun.security.ssl.ClientHandshaker.processMessage(ClientHandshaker.java:223)
	at sun.security.ssl.Handshaker.processLoop(Handshaker.java:1037)
	at sun.security.ssl.Handshaker$1.run(Handshaker.java:970)
	at sun.security.ssl.Handshaker$1.run(Handshaker.java:967)
	at java.security.AccessController.doPrivileged(Native Method)
	at sun.security.ssl.Handshaker$DelegatedTask.run(Handshaker.java:1459)
	at io.netty.handler.ssl.SslHandler.runDelegatedTasks(SslHandler.java:1464)
	at io.netty.handler.ssl.SslHandler.unwrap(SslHandler.java:1369)
	... 20 more
Caused by: sun.security.validator.ValidatorException: PKIX path validation failed: java.security.cert.CertPathValidatorException: signature check failed
	at sun.security.validator.PKIXValidator.doValidate(PKIXValidator.java:362)
	at sun.security.validator.PKIXValidator.engineValidate(PKIXValidator.java:270)
	at sun.security.validator.Validator.validate(Validator.java:262)
	at sun.security.ssl.X509TrustManagerImpl.validate(X509TrustManagerImpl.java:330)
	at sun.security.ssl.X509TrustManagerImpl.checkTrusted(X509TrustManagerImpl.java:289)
	at sun.security.ssl.X509TrustManagerImpl.checkServerTrusted(X509TrustManagerImpl.java:144)
	at sun.security.ssl.ClientHandshaker.serverCertificate(ClientHandshaker.java:1626)
	... 28 more
Caused by: java.security.cert.CertPathValidatorException: signature check failed
	at sun.security.provider.certpath.PKIXMasterCertPathValidator.validate(PKIXMasterCertPathValidator.java:135)
	at sun.security.provider.certpath.PKIXCertPathValidator.validate(PKIXCertPathValidator.java:233)
	at sun.security.provider.certpath.PKIXCertPathValidator.validate(PKIXCertPathValidator.java:141)
	at sun.security.provider.certpath.PKIXCertPathValidator.engineValidate(PKIXCertPathValidator.java:80)
	at java.security.cert.CertPathValidator.validate(CertPathValidator.java:292)
	at sun.security.validator.PKIXValidator.doValidate(PKIXValidator.java:357)
	... 34 more
Caused by: java.security.SignatureException: Signature does not match.
	at sun.security.x509.X509CertImpl.verify(X509CertImpl.java:424)
	at sun.security.provider.certpath.BasicChecker.verifySignature(BasicChecker.java:166)
	at sun.security.provider.certpath.BasicChecker.check(BasicChecker.java:147)
	at sun.security.provider.certpath.PKIXMasterCertPathValidator.validate(PKIXMasterCertPathValidator.java:125)
	... 39 more
